24-05-23.15:15:15.620 [main            ] INFO  ApiTest                - Starting ApiTest using Java 1.8.0_412 on Eternally6 with PID 32580 (started by panji in D:\Code\java_workspace\magic-lottery\magic-lottery-app)
24-05-23.15:15:15.621 [main            ] INFO  ApiTest                - The following 1 profile is active: "dev"
24-05-23.15:15:17.127 [main            ] INFO  RepositoryConfigurationDelegate - Multiple Spring Data modules found, entering strict repository configuration mode
24-05-23.15:15:17.132 [main            ] INFO  RepositoryConfigurationDelegate - Bootstrapping Spring Data Redis repositories in DEFAULT mode.
24-05-23.15:15:17.168 [main            ] INFO  RepositoryConfigurationDelegate - Finished Spring Data repository scanning in 11 ms. Found 0 Redis repository interfaces.
24-05-23.15:15:19.528 [main            ] INFO  Version                - Redisson 3.23.4
24-05-23.15:15:20.785 [redisson-netty-2-4] INFO  MasterPubSubConnectionPool - 1 connections initialized for 124.220.25.230/124.220.25.230:16379
24-05-23.15:15:20.963 [redisson-netty-2-13] INFO  MasterConnectionPool   - 5 connections initialized for 124.220.25.230/124.220.25.230:16379
24-05-23.15:15:25.502 [main            ] INFO  EndpointLinksResolver  - Exposing 1 endpoint(s) beneath base path '/actuator'
24-05-23.15:15:25.615 [main            ] INFO  ApiTest                - Started ApiTest in 10.776 seconds (JVM running for 12.292)
24-05-23.15:15:26.592 [main            ] INFO  ApiTest                - 测试结果 101
24-05-23.20:30:52.714 [main            ] INFO  StrategyArmoryTest     - Starting StrategyArmoryTest using Java 1.8.0_412 on Eternally6 with PID 24672 (started by panji in D:\Code\java_workspace\magic-lottery\magic-lottery-app)
24-05-23.20:30:52.715 [main            ] INFO  StrategyArmoryTest     - The following 1 profile is active: "dev"
24-05-23.20:30:53.587 [main            ] INFO  RepositoryConfigurationDelegate - Multiple Spring Data modules found, entering strict repository configuration mode
24-05-23.20:30:53.591 [main            ] INFO  RepositoryConfigurationDelegate - Bootstrapping Spring Data Redis repositories in DEFAULT mode.
24-05-23.20:30:53.618 [main            ] INFO  RepositoryConfigurationDelegate - Finished Spring Data repository scanning in 11 ms. Found 0 Redis repository interfaces.
24-05-23.20:30:54.288 [main            ] WARN  GenericWebApplicationContext - Exception encountered during context initialization - cancelling refresh attempt: org.springframework.beans.factory.BeanCreationException: Error creating bean with name 'strategyArmory': Injection of resource dependencies failed; nested exception is org.springframework.beans.factory.NoSuchBeanDefinitionException: No qualifying bean of type 'cn.pan.domain.strategy.repository.IStrategyRepository' available: expected at least 1 bean which qualifies as autowire candidate. Dependency annotations: {@javax.annotation.Resource(shareable=true, lookup=, name=, description=, authenticationType=CONTAINER, type=class java.lang.Object, mappedName=)}
24-05-23.20:30:54.304 [main            ] INFO  ConditionEvaluationReportLoggingListener - 

Error starting ApplicationContext. To display the conditions report re-run your application with 'debug' enabled.
24-05-23.20:30:54.326 [main            ] ERROR LoggingFailureAnalysisReporter - 

***************************
APPLICATION FAILED TO START
***************************

Description:

A component required a bean of type 'cn.pan.domain.strategy.repository.IStrategyRepository' that could not be found.


Action:

Consider defining a bean of type 'cn.pan.domain.strategy.repository.IStrategyRepository' in your configuration.

24-05-23.20:30:54.328 [main            ] ERROR TestContextManager     - Caught exception while allowing TestExecutionListener [org.springframework.test.context.web.ServletTestExecutionListener@23348b5d] to prepare test instance [cn.pan.test.domain.StrategyArmoryTest@d5556bf]
java.lang.IllegalStateException: Failed to load ApplicationContext
	at org.springframework.test.context.cache.DefaultCacheAwareContextLoaderDelegate.loadContext(DefaultCacheAwareContextLoaderDelegate.java:98)
	at org.springframework.test.context.support.DefaultTestContext.getApplicationContext(DefaultTestContext.java:124)
	at org.springframework.test.context.web.ServletTestExecutionListener.setUpRequestContextIfNecessary(ServletTestExecutionListener.java:190)
	at org.springframework.test.context.web.ServletTestExecutionListener.prepareTestInstance(ServletTestExecutionListener.java:132)
	at org.springframework.test.context.TestContextManager.prepareTestInstance(TestContextManager.java:248)
	at org.springframework.test.context.junit4.SpringJUnit4ClassRunner.createTest(SpringJUnit4ClassRunner.java:227)
	at org.springframework.test.context.junit4.SpringJUnit4ClassRunner$1.runReflectiveCall(SpringJUnit4ClassRunner.java:289)
	at org.junit.internal.runners.model.ReflectiveCallable.run(ReflectiveCallable.java:12)
	at org.springframework.test.context.junit4.SpringJUnit4ClassRunner.methodBlock(SpringJUnit4ClassRunner.java:291)
	at org.springframework.test.context.junit4.SpringJUnit4ClassRunner.runChild(SpringJUnit4ClassRunner.java:246)
	at org.springframework.test.context.junit4.SpringJUnit4ClassRunner.runChild(SpringJUnit4ClassRunner.java:97)
	at org.junit.runners.ParentRunner$4.run(ParentRunner.java:331)
	at org.junit.runners.ParentRunner$1.schedule(ParentRunner.java:79)
	at org.junit.runners.ParentRunner.runChildren(ParentRunner.java:329)
	at org.junit.runners.ParentRunner.access$100(ParentRunner.java:66)
	at org.junit.runners.ParentRunner$2.evaluate(ParentRunner.java:293)
	at org.springframework.test.context.junit4.statements.RunBeforeTestClassCallbacks.evaluate(RunBeforeTestClassCallbacks.java:61)
	at org.springframework.test.context.junit4.statements.RunAfterTestClassCallbacks.evaluate(RunAfterTestClassCallbacks.java:70)
	at org.junit.runners.ParentRunner$3.evaluate(ParentRunner.java:306)
	at org.junit.runners.ParentRunner.run(ParentRunner.java:413)
	at org.springframework.test.context.junit4.SpringJUnit4ClassRunner.run(SpringJUnit4ClassRunner.java:190)
	at org.junit.runner.JUnitCore.run(JUnitCore.java:137)
	at com.intellij.junit4.JUnit4IdeaTestRunner.startRunnerWithArgs(JUnit4IdeaTestRunner.java:69)
	at com.intellij.rt.junit.IdeaTestRunner$Repeater$1.execute(IdeaTestRunner.java:38)
	at com.intellij.rt.execution.junit.TestsRepeater.repeat(TestsRepeater.java:11)
	at com.intellij.rt.junit.IdeaTestRunner$Repeater.startRunnerWithArgs(IdeaTestRunner.java:35)
	at com.intellij.rt.junit.JUnitStarter.prepareStreamsAndStart(JUnitStarter.java:232)
	at com.intellij.rt.junit.JUnitStarter.main(JUnitStarter.java:55)
Caused by: org.springframework.beans.factory.BeanCreationException: Error creating bean with name 'strategyArmory': Injection of resource dependencies failed; nested exception is org.springframework.beans.factory.NoSuchBeanDefinitionException: No qualifying bean of type 'cn.pan.domain.strategy.repository.IStrategyRepository' available: expected at least 1 bean which qualifies as autowire candidate. Dependency annotations: {@javax.annotation.Resource(shareable=true, lookup=, name=, description=, authenticationType=CONTAINER, type=class java.lang.Object, mappedName=)}
	at org.springframework.context.annotation.CommonAnnotationBeanPostProcessor.postProcessProperties(CommonAnnotationBeanPostProcessor.java:332)
	at org.springframework.beans.factory.support.AbstractAutowireCapableBeanFactory.populateBean(AbstractAutowireCapableBeanFactory.java:1431)
	at org.springframework.beans.factory.support.AbstractAutowireCapableBeanFactory.doCreateBean(AbstractAutowireCapableBeanFactory.java:619)
	at org.springframework.beans.factory.support.AbstractAutowireCapableBeanFactory.createBean(AbstractAutowireCapableBeanFactory.java:542)
	at org.springframework.beans.factory.support.AbstractBeanFactory.lambda$doGetBean$0(AbstractBeanFactory.java:335)
	at org.springframework.beans.factory.support.DefaultSingletonBeanRegistry.getSingleton(DefaultSingletonBeanRegistry.java:234)
	at org.springframework.beans.factory.support.AbstractBeanFactory.doGetBean(AbstractBeanFactory.java:333)
	at org.springframework.beans.factory.support.AbstractBeanFactory.getBean(AbstractBeanFactory.java:208)
	at org.springframework.beans.factory.support.DefaultListableBeanFactory.preInstantiateSingletons(DefaultListableBeanFactory.java:955)
	at org.springframework.context.support.AbstractApplicationContext.finishBeanFactoryInitialization(AbstractApplicationContext.java:920)
	at org.springframework.context.support.AbstractApplicationContext.refresh(AbstractApplicationContext.java:583)
	at org.springframework.boot.SpringApplication.refresh(SpringApplication.java:731)
	at org.springframework.boot.SpringApplication.refreshContext(SpringApplication.java:408)
	at org.springframework.boot.SpringApplication.run(SpringApplication.java:307)
	at org.springframework.boot.test.context.SpringBootContextLoader.loadContext(SpringBootContextLoader.java:136)
	at org.springframework.test.context.cache.DefaultCacheAwareContextLoaderDelegate.loadContextInternal(DefaultCacheAwareContextLoaderDelegate.java:141)
	at org.springframework.test.context.cache.DefaultCacheAwareContextLoaderDelegate.loadContext(DefaultCacheAwareContextLoaderDelegate.java:90)
	... 27 common frames omitted
Caused by: org.springframework.beans.factory.NoSuchBeanDefinitionException: No qualifying bean of type 'cn.pan.domain.strategy.repository.IStrategyRepository' available: expected at least 1 bean which qualifies as autowire candidate. Dependency annotations: {@javax.annotation.Resource(shareable=true, lookup=, name=, description=, authenticationType=CONTAINER, type=class java.lang.Object, mappedName=)}
	at org.springframework.beans.factory.support.DefaultListableBeanFactory.raiseNoMatchingBeanFound(DefaultListableBeanFactory.java:1801)
	at org.springframework.beans.factory.support.DefaultListableBeanFactory.doResolveDependency(DefaultListableBeanFactory.java:1357)
	at org.springframework.beans.factory.support.DefaultListableBeanFactory.resolveDependency(DefaultListableBeanFactory.java:1311)
	at org.springframework.context.annotation.CommonAnnotationBeanPostProcessor.autowireResource(CommonAnnotationBeanPostProcessor.java:544)
	at org.springframework.context.annotation.CommonAnnotationBeanPostProcessor.getResource(CommonAnnotationBeanPostProcessor.java:520)
	at org.springframework.context.annotation.CommonAnnotationBeanPostProcessor$ResourceElement.getResourceToInject(CommonAnnotationBeanPostProcessor.java:673)
	at org.springframework.beans.factory.annotation.InjectionMetadata$InjectedElement.inject(InjectionMetadata.java:228)
	at org.springframework.beans.factory.annotation.InjectionMetadata.inject(InjectionMetadata.java:119)
	at org.springframework.context.annotation.CommonAnnotationBeanPostProcessor.postProcessProperties(CommonAnnotationBeanPostProcessor.java:329)
	... 43 common frames omitted
24-05-23.20:37:35.014 [main            ] INFO  StrategyArmoryTest     - Starting StrategyArmoryTest using Java 1.8.0_412 on Eternally6 with PID 4704 (started by panji in D:\Code\java_workspace\magic-lottery\magic-lottery-app)
24-05-23.20:37:35.015 [main            ] INFO  StrategyArmoryTest     - The following 1 profile is active: "dev"
24-05-23.20:37:35.820 [main            ] INFO  RepositoryConfigurationDelegate - Multiple Spring Data modules found, entering strict repository configuration mode
24-05-23.20:37:35.823 [main            ] INFO  RepositoryConfigurationDelegate - Bootstrapping Spring Data Redis repositories in DEFAULT mode.
24-05-23.20:37:35.848 [main            ] INFO  RepositoryConfigurationDelegate - Finished Spring Data repository scanning in 9 ms. Found 0 Redis repository interfaces.
24-05-23.20:37:37.662 [main            ] INFO  Version                - Redisson 3.23.4
24-05-23.20:37:38.991 [redisson-netty-2-4] INFO  MasterPubSubConnectionPool - 1 connections initialized for 124.220.25.230/124.220.25.230:16379
24-05-23.20:37:43.204 [redisson-netty-2-13] INFO  MasterConnectionPool   - 5 connections initialized for 124.220.25.230/124.220.25.230:16379
24-05-23.20:37:45.149 [main            ] INFO  EndpointLinksResolver  - Exposing 1 endpoint(s) beneath base path '/actuator'
24-05-23.20:37:45.216 [main            ] INFO  StrategyArmoryTest     - Started StrategyArmoryTest in 10.579 seconds (JVM running for 11.314)
24-05-23.20:37:45.853 [main            ] INFO  HikariDataSource       - HikariPool-1 - Starting...
24-05-23.20:37:48.960 [main            ] INFO  HikariDataSource       - HikariPool-1 - Start completed.
24-05-23.20:37:49.356 [SpringApplicationShutdownHook] INFO  HikariDataSource       - HikariPool-1 - Shutdown initiated...
24-05-23.20:37:49.938 [SpringApplicationShutdownHook] INFO  HikariDataSource       - HikariPool-1 - Shutdown completed.
24-05-23.20:46:36.881 [main            ] INFO  StrategyArmoryTest     - Starting StrategyArmoryTest using Java 1.8.0_412 on Eternally6 with PID 5096 (started by panji in D:\Code\java_workspace\magic-lottery\magic-lottery-app)
24-05-23.20:46:36.882 [main            ] INFO  StrategyArmoryTest     - The following 1 profile is active: "dev"
24-05-23.20:46:37.675 [main            ] INFO  RepositoryConfigurationDelegate - Multiple Spring Data modules found, entering strict repository configuration mode
24-05-23.20:46:37.678 [main            ] INFO  RepositoryConfigurationDelegate - Bootstrapping Spring Data Redis repositories in DEFAULT mode.
24-05-23.20:46:37.707 [main            ] INFO  RepositoryConfigurationDelegate - Finished Spring Data repository scanning in 11 ms. Found 0 Redis repository interfaces.
24-05-23.20:46:39.506 [main            ] INFO  Version                - Redisson 3.23.4
24-05-23.20:46:40.478 [redisson-netty-2-4] INFO  MasterPubSubConnectionPool - 1 connections initialized for 124.220.25.230/124.220.25.230:16379
24-05-23.20:46:46.471 [redisson-netty-2-9] INFO  MasterPubSubConnectionPool - 1 connections initialized for 124.220.25.230/124.220.25.230:16379
24-05-23.20:46:51.236 [redisson-netty-2-18] INFO  MasterConnectionPool   - 5 connections initialized for 124.220.25.230/124.220.25.230:16379
24-05-23.20:46:53.481 [main            ] INFO  EndpointLinksResolver  - Exposing 1 endpoint(s) beneath base path '/actuator'
24-05-23.20:46:53.555 [main            ] INFO  StrategyArmoryTest     - Started StrategyArmoryTest in 17.08 seconds (JVM running for 17.922)
24-05-23.20:46:54.047 [main            ] INFO  HikariDataSource       - HikariPool-1 - Starting...
24-05-23.20:46:57.865 [main            ] INFO  HikariDataSource       - HikariPool-1 - Start completed.
24-05-23.20:47:00.136 [SpringApplicationShutdownHook] INFO  HikariDataSource       - HikariPool-1 - Shutdown initiated...
24-05-23.20:47:05.386 [SpringApplicationShutdownHook] INFO  HikariDataSource       - HikariPool-1 - Shutdown completed.
24-05-23.20:49:24.686 [main            ] INFO  StrategyArmoryTest     - Starting StrategyArmoryTest using Java 1.8.0_412 on Eternally6 with PID 12924 (started by panji in D:\Code\java_workspace\magic-lottery\magic-lottery-app)
24-05-23.20:49:24.688 [main            ] INFO  StrategyArmoryTest     - The following 1 profile is active: "dev"
24-05-23.20:49:25.376 [main            ] INFO  RepositoryConfigurationDelegate - Multiple Spring Data modules found, entering strict repository configuration mode
24-05-23.20:49:25.379 [main            ] INFO  RepositoryConfigurationDelegate - Bootstrapping Spring Data Redis repositories in DEFAULT mode.
24-05-23.20:49:25.405 [main            ] INFO  RepositoryConfigurationDelegate - Finished Spring Data repository scanning in 12 ms. Found 0 Redis repository interfaces.
24-05-23.20:49:27.063 [main            ] INFO  Version                - Redisson 3.23.4
24-05-23.20:49:28.023 [redisson-netty-2-4] INFO  MasterPubSubConnectionPool - 1 connections initialized for 124.220.25.230/124.220.25.230:16379
24-05-23.20:49:30.967 [redisson-netty-2-13] INFO  MasterConnectionPool   - 5 connections initialized for 124.220.25.230/124.220.25.230:16379
24-05-23.20:49:32.801 [main            ] INFO  EndpointLinksResolver  - Exposing 1 endpoint(s) beneath base path '/actuator'
24-05-23.20:49:32.872 [main            ] INFO  StrategyArmoryTest     - Started StrategyArmoryTest in 8.572 seconds (JVM running for 9.378)
24-05-23.20:50:44.062 [main            ] INFO  StrategyArmoryTest     - Starting StrategyArmoryTest using Java 1.8.0_412 on Eternally6 with PID 24964 (started by panji in D:\Code\java_workspace\magic-lottery\magic-lottery-app)
24-05-23.20:50:44.063 [main            ] INFO  StrategyArmoryTest     - The following 1 profile is active: "dev"
24-05-23.20:50:44.745 [main            ] INFO  RepositoryConfigurationDelegate - Multiple Spring Data modules found, entering strict repository configuration mode
24-05-23.20:50:44.749 [main            ] INFO  RepositoryConfigurationDelegate - Bootstrapping Spring Data Redis repositories in DEFAULT mode.
24-05-23.20:50:44.771 [main            ] INFO  RepositoryConfigurationDelegate - Finished Spring Data repository scanning in 10 ms. Found 0 Redis repository interfaces.
24-05-23.20:50:46.448 [main            ] INFO  Version                - Redisson 3.23.4
24-05-23.20:50:47.347 [redisson-netty-2-4] INFO  MasterPubSubConnectionPool - 1 connections initialized for 124.220.25.230/124.220.25.230:16379
24-05-23.20:50:48.310 [redisson-netty-2-13] INFO  MasterConnectionPool   - 5 connections initialized for 124.220.25.230/124.220.25.230:16379
24-05-23.20:50:50.426 [main            ] INFO  EndpointLinksResolver  - Exposing 1 endpoint(s) beneath base path '/actuator'
24-05-23.20:50:50.504 [main            ] INFO  StrategyArmoryTest     - Started StrategyArmoryTest in 6.821 seconds (JVM running for 7.56)
24-05-23.20:51:20.741 [main            ] INFO  StrategyArmoryTest     - Starting StrategyArmoryTest using Java 1.8.0_412 on Eternally6 with PID 37288 (started by panji in D:\Code\java_workspace\magic-lottery\magic-lottery-app)
24-05-23.20:51:20.742 [main            ] INFO  StrategyArmoryTest     - The following 1 profile is active: "dev"
24-05-23.20:51:21.455 [main            ] INFO  RepositoryConfigurationDelegate - Multiple Spring Data modules found, entering strict repository configuration mode
24-05-23.20:51:21.459 [main            ] INFO  RepositoryConfigurationDelegate - Bootstrapping Spring Data Redis repositories in DEFAULT mode.
24-05-23.20:51:21.480 [main            ] INFO  RepositoryConfigurationDelegate - Finished Spring Data repository scanning in 8 ms. Found 0 Redis repository interfaces.
24-05-23.20:51:23.132 [main            ] INFO  Version                - Redisson 3.23.4
24-05-23.20:51:24.604 [redisson-netty-2-12] INFO  MasterConnectionPool   - 5 connections initialized for 124.220.25.230/124.220.25.230:16379
24-05-23.20:51:24.940 [redisson-netty-2-13] INFO  MasterPubSubConnectionPool - 1 connections initialized for 124.220.25.230/124.220.25.230:16379
24-05-23.20:51:26.936 [main            ] INFO  EndpointLinksResolver  - Exposing 1 endpoint(s) beneath base path '/actuator'
24-05-23.20:51:27.015 [main            ] INFO  StrategyArmoryTest     - Started StrategyArmoryTest in 6.732 seconds (JVM running for 7.411)
24-05-23.20:51:29.498 [redisson-netty-2-11] ERROR rejectedExecution      - Failed to submit a listener notification task. Event loop shut down?
java.util.concurrent.RejectedExecutionException: event executor terminated
	at io.netty.util.concurrent.SingleThreadEventExecutor.reject(SingleThreadEventExecutor.java:934)
	at io.netty.util.concurrent.SingleThreadEventExecutor.offerTask(SingleThreadEventExecutor.java:351)
	at io.netty.util.concurrent.SingleThreadEventExecutor.addTask(SingleThreadEventExecutor.java:344)
	at io.netty.util.concurrent.SingleThreadEventExecutor.execute(SingleThreadEventExecutor.java:836)
	at io.netty.util.concurrent.SingleThreadEventExecutor.execute0(SingleThreadEventExecutor.java:827)
	at io.netty.util.concurrent.SingleThreadEventExecutor.execute(SingleThreadEventExecutor.java:817)
	at io.netty.util.concurrent.DefaultPromise.safeExecute(DefaultPromise.java:862)
	at io.netty.util.concurrent.DefaultPromise.notifyListeners(DefaultPromise.java:500)
	at io.netty.util.concurrent.DefaultPromise.setValue0(DefaultPromise.java:636)
	at io.netty.util.concurrent.DefaultPromise.setSuccess0(DefaultPromise.java:625)
	at io.netty.util.concurrent.DefaultPromise.setSuccess(DefaultPromise.java:97)
	at io.netty.channel.group.DefaultChannelGroupFuture.setSuccess0(DefaultChannelGroupFuture.java:200)
	at io.netty.channel.group.DefaultChannelGroupFuture.access$400(DefaultChannelGroupFuture.java:41)
	at io.netty.channel.group.DefaultChannelGroupFuture$1.operationComplete(DefaultChannelGroupFuture.java:75)
	at io.netty.channel.group.DefaultChannelGroupFuture$1.operationComplete(DefaultChannelGroupFuture.java:48)
	at io.netty.util.concurrent.DefaultPromise.notifyListener0(DefaultPromise.java:590)
	at io.netty.util.concurrent.DefaultPromise.notifyListeners0(DefaultPromise.java:583)
	at io.netty.util.concurrent.DefaultPromise.notifyListenersNow(DefaultPromise.java:559)
	at io.netty.util.concurrent.DefaultPromise.notifyListeners(DefaultPromise.java:492)
	at io.netty.util.concurrent.DefaultPromise.setValue0(DefaultPromise.java:636)
	at io.netty.util.concurrent.DefaultPromise.setSuccess0(DefaultPromise.java:625)
	at io.netty.util.concurrent.DefaultPromise.trySuccess(DefaultPromise.java:105)
	at io.netty.channel.DefaultChannelPromise.trySuccess(DefaultChannelPromise.java:84)
	at io.netty.channel.AbstractChannel$CloseFuture.setClosed(AbstractChannel.java:1164)
	at io.netty.channel.AbstractChannel$AbstractUnsafe.doClose0(AbstractChannel.java:755)
	at io.netty.channel.AbstractChannel$AbstractUnsafe.close(AbstractChannel.java:731)
	at io.netty.channel.AbstractChannel$AbstractUnsafe.close(AbstractChannel.java:620)
	at io.netty.channel.nio.NioEventLoop.closeAll(NioEventLoop.java:838)
	at io.netty.channel.nio.NioEventLoop.run(NioEventLoop.java:595)
	at io.netty.util.concurrent.SingleThreadEventExecutor$4.run(SingleThreadEventExecutor.java:997)
	at io.netty.util.internal.ThreadExecutorMap$2.run(ThreadExecutorMap.java:74)
	at io.netty.util.concurrent.FastThreadLocalRunnable.run(FastThreadLocalRunnable.java:30)
	at java.lang.Thread.run(Thread.java:750)
24-05-23.20:54:08.948 [main            ] INFO  StrategyArmoryTest     - Starting StrategyArmoryTest using Java 1.8.0_412 on Eternally6 with PID 9836 (started by panji in D:\Code\java_workspace\magic-lottery\magic-lottery-app)
24-05-23.20:54:08.949 [main            ] INFO  StrategyArmoryTest     - The following 1 profile is active: "dev"
24-05-23.20:54:09.631 [main            ] INFO  RepositoryConfigurationDelegate - Multiple Spring Data modules found, entering strict repository configuration mode
24-05-23.20:54:09.634 [main            ] INFO  RepositoryConfigurationDelegate - Bootstrapping Spring Data Redis repositories in DEFAULT mode.
24-05-23.20:54:09.654 [main            ] INFO  RepositoryConfigurationDelegate - Finished Spring Data repository scanning in 8 ms. Found 0 Redis repository interfaces.
24-05-23.20:54:11.292 [main            ] INFO  Version                - Redisson 3.23.4
24-05-23.20:54:12.415 [redisson-netty-2-5] INFO  MasterPubSubConnectionPool - 1 connections initialized for 124.220.25.230/124.220.25.230:16379
24-05-23.20:54:12.581 [redisson-netty-2-13] INFO  MasterConnectionPool   - 5 connections initialized for 124.220.25.230/124.220.25.230:16379
24-05-23.20:54:14.496 [main            ] INFO  EndpointLinksResolver  - Exposing 1 endpoint(s) beneath base path '/actuator'
24-05-23.20:54:14.575 [main            ] INFO  StrategyArmoryTest     - Started StrategyArmoryTest in 5.998 seconds (JVM running for 6.733)
24-05-23.20:54:14.952 [main            ] INFO  HikariDataSource       - HikariPool-1 - Starting...
24-05-23.20:54:15.398 [main            ] INFO  HikariDataSource       - HikariPool-1 - Start completed.
24-05-23.20:54:15.502 [main            ] ERROR StrategyArmory         - 最小概率0
24-05-23.20:54:15.502 [main            ] ERROR StrategyArmory         - 总概率0
24-05-23.20:54:17.385 [SpringApplicationShutdownHook] INFO  HikariDataSource       - HikariPool-1 - Shutdown initiated...
24-05-23.20:54:17.610 [SpringApplicationShutdownHook] INFO  HikariDataSource       - HikariPool-1 - Shutdown completed.
24-05-23.20:55:09.025 [main            ] INFO  StrategyArmoryTest     - Starting StrategyArmoryTest using Java 1.8.0_412 on Eternally6 with PID 35412 (started by panji in D:\Code\java_workspace\magic-lottery\magic-lottery-app)
24-05-23.20:55:09.026 [main            ] INFO  StrategyArmoryTest     - The following 1 profile is active: "dev"
24-05-23.20:55:09.840 [main            ] INFO  RepositoryConfigurationDelegate - Multiple Spring Data modules found, entering strict repository configuration mode
24-05-23.20:55:09.843 [main            ] INFO  RepositoryConfigurationDelegate - Bootstrapping Spring Data Redis repositories in DEFAULT mode.
24-05-23.20:55:09.866 [main            ] INFO  RepositoryConfigurationDelegate - Finished Spring Data repository scanning in 9 ms. Found 0 Redis repository interfaces.
24-05-23.20:55:11.613 [main            ] INFO  Version                - Redisson 3.23.4
24-05-23.20:55:12.584 [redisson-netty-2-4] INFO  MasterPubSubConnectionPool - 1 connections initialized for 124.220.25.230/124.220.25.230:16379
24-05-23.20:55:17.174 [redisson-netty-2-2] ERROR ErrorsLoggingHandler   - Exception occured. Channel: [id: 0x98c2761c, L:/192.168.31.91:54947 - R:124.220.25.230/124.220.25.230:16379]
java.io.IOException: 远程主机强迫关闭了一个现有的连接。
	at sun.nio.ch.SocketDispatcher.read0(Native Method)
	at sun.nio.ch.SocketDispatcher.read(SocketDispatcher.java:43)
	at sun.nio.ch.IOUtil.readIntoNativeBuffer(IOUtil.java:223)
	at sun.nio.ch.IOUtil.read(IOUtil.java:192)
	at sun.nio.ch.SocketChannelImpl.read(SocketChannelImpl.java:379)
	at io.netty.buffer.PooledByteBuf.setBytes(PooledByteBuf.java:256)
	at io.netty.buffer.AbstractByteBuf.writeBytes(AbstractByteBuf.java:1132)
	at io.netty.channel.socket.nio.NioSocketChannel.doReadBytes(NioSocketChannel.java:357)
	at io.netty.channel.nio.AbstractNioByteChannel$NioByteUnsafe.read(AbstractNioByteChannel.java:151)
	at io.netty.channel.nio.NioEventLoop.processSelectedKey(NioEventLoop.java:788)
	at io.netty.channel.nio.NioEventLoop.processSelectedKeysOptimized(NioEventLoop.java:724)
	at io.netty.channel.nio.NioEventLoop.processSelectedKeys(NioEventLoop.java:650)
	at io.netty.channel.nio.NioEventLoop.run(NioEventLoop.java:562)
	at io.netty.util.concurrent.SingleThreadEventExecutor$4.run(SingleThreadEventExecutor.java:997)
	at io.netty.util.internal.ThreadExecutorMap$2.run(ThreadExecutorMap.java:74)
	at io.netty.util.concurrent.FastThreadLocalRunnable.run(FastThreadLocalRunnable.java:30)
	at java.lang.Thread.run(Thread.java:750)
24-05-23.20:55:18.188 [redisson-netty-2-14] INFO  MasterPubSubConnectionPool - 1 connections initialized for 124.220.25.230/124.220.25.230:16379
24-05-23.20:55:23.365 [redisson-netty-2-15] ERROR ErrorsLoggingHandler   - Exception occured. Channel: [id: 0x5b8bdeef, L:/192.168.31.91:54960 - R:124.220.25.230/124.220.25.230:16379]
java.io.IOException: 远程主机强迫关闭了一个现有的连接。
	at sun.nio.ch.SocketDispatcher.read0(Native Method)
	at sun.nio.ch.SocketDispatcher.read(SocketDispatcher.java:43)
	at sun.nio.ch.IOUtil.readIntoNativeBuffer(IOUtil.java:223)
	at sun.nio.ch.IOUtil.read(IOUtil.java:192)
	at sun.nio.ch.SocketChannelImpl.read(SocketChannelImpl.java:379)
	at io.netty.buffer.PooledByteBuf.setBytes(PooledByteBuf.java:256)
	at io.netty.buffer.AbstractByteBuf.writeBytes(AbstractByteBuf.java:1132)
	at io.netty.channel.socket.nio.NioSocketChannel.doReadBytes(NioSocketChannel.java:357)
	at io.netty.channel.nio.AbstractNioByteChannel$NioByteUnsafe.read(AbstractNioByteChannel.java:151)
	at io.netty.channel.nio.NioEventLoop.processSelectedKey(NioEventLoop.java:788)
	at io.netty.channel.nio.NioEventLoop.processSelectedKeysOptimized(NioEventLoop.java:724)
	at io.netty.channel.nio.NioEventLoop.processSelectedKeys(NioEventLoop.java:650)
	at io.netty.channel.nio.NioEventLoop.run(NioEventLoop.java:562)
	at io.netty.util.concurrent.SingleThreadEventExecutor$4.run(SingleThreadEventExecutor.java:997)
	at io.netty.util.internal.ThreadExecutorMap$2.run(ThreadExecutorMap.java:74)
	at io.netty.util.concurrent.FastThreadLocalRunnable.run(FastThreadLocalRunnable.java:30)
	at java.lang.Thread.run(Thread.java:750)
24-05-23.20:55:23.365 [redisson-netty-2-11] ERROR ErrorsLoggingHandler   - Exception occured. Channel: [id: 0xf152970d, L:/192.168.31.91:54959 - R:124.220.25.230/124.220.25.230:16379]
java.io.IOException: 远程主机强迫关闭了一个现有的连接。
	at sun.nio.ch.SocketDispatcher.read0(Native Method)
	at sun.nio.ch.SocketDispatcher.read(SocketDispatcher.java:43)
	at sun.nio.ch.IOUtil.readIntoNativeBuffer(IOUtil.java:223)
	at sun.nio.ch.IOUtil.read(IOUtil.java:192)
	at sun.nio.ch.SocketChannelImpl.read(SocketChannelImpl.java:379)
	at io.netty.buffer.PooledByteBuf.setBytes(PooledByteBuf.java:256)
	at io.netty.buffer.AbstractByteBuf.writeBytes(AbstractByteBuf.java:1132)
	at io.netty.channel.socket.nio.NioSocketChannel.doReadBytes(NioSocketChannel.java:357)
	at io.netty.channel.nio.AbstractNioByteChannel$NioByteUnsafe.read(AbstractNioByteChannel.java:151)
	at io.netty.channel.nio.NioEventLoop.processSelectedKey(NioEventLoop.java:788)
	at io.netty.channel.nio.NioEventLoop.processSelectedKeysOptimized(NioEventLoop.java:724)
	at io.netty.channel.nio.NioEventLoop.processSelectedKeys(NioEventLoop.java:650)
	at io.netty.channel.nio.NioEventLoop.run(NioEventLoop.java:562)
	at io.netty.util.concurrent.SingleThreadEventExecutor$4.run(SingleThreadEventExecutor.java:997)
	at io.netty.util.internal.ThreadExecutorMap$2.run(ThreadExecutorMap.java:74)
	at io.netty.util.concurrent.FastThreadLocalRunnable.run(FastThreadLocalRunnable.java:30)
	at java.lang.Thread.run(Thread.java:750)
24-05-23.20:55:24.393 [redisson-netty-2-24] INFO  MasterPubSubConnectionPool - 1 connections initialized for 124.220.25.230/124.220.25.230:16379
24-05-23.20:55:26.509 [redisson-netty-2-10] INFO  MasterConnectionPool   - 5 connections initialized for 124.220.25.230/124.220.25.230:16379
24-05-23.20:55:28.726 [main            ] INFO  EndpointLinksResolver  - Exposing 1 endpoint(s) beneath base path '/actuator'
24-05-23.20:55:28.844 [main            ] INFO  StrategyArmoryTest     - Started StrategyArmoryTest in 20.207 seconds (JVM running for 20.998)
24-05-23.20:55:29.329 [main            ] ERROR StrategyArmory         - 查询实体[StrategyAwardEntity(strategyId=100002, awardId=101, awardCount=1, awardCountSurplus=1, awardRate=null), StrategyAwardEntity(strategyId=100002, awardId=102, awardCount=1, awardCountSurplus=1, awardRate=null), StrategyAwardEntity(strategyId=100002, awardId=106, awardCount=1, awardCountSurplus=1, awardRate=null)]
24-05-23.20:59:47.615 [main            ] INFO  StrategyArmoryTest     - Starting StrategyArmoryTest using Java 1.8.0_412 on Eternally6 with PID 15900 (started by panji in D:\Code\java_workspace\magic-lottery\magic-lottery-app)
24-05-23.20:59:47.616 [main            ] INFO  StrategyArmoryTest     - The following 1 profile is active: "dev"
24-05-23.20:59:48.514 [main            ] INFO  RepositoryConfigurationDelegate - Multiple Spring Data modules found, entering strict repository configuration mode
24-05-23.20:59:48.518 [main            ] INFO  RepositoryConfigurationDelegate - Bootstrapping Spring Data Redis repositories in DEFAULT mode.
24-05-23.20:59:48.547 [main            ] INFO  RepositoryConfigurationDelegate - Finished Spring Data repository scanning in 10 ms. Found 0 Redis repository interfaces.
24-05-23.20:59:50.411 [main            ] INFO  Version                - Redisson 3.23.4
24-05-23.20:59:51.917 [redisson-netty-2-12] INFO  MasterConnectionPool   - 5 connections initialized for 124.220.25.230/124.220.25.230:16379
24-05-23.20:59:53.431 [redisson-netty-2-13] INFO  MasterPubSubConnectionPool - 1 connections initialized for 124.220.25.230/124.220.25.230:16379
24-05-23.20:59:55.910 [main            ] INFO  EndpointLinksResolver  - Exposing 1 endpoint(s) beneath base path '/actuator'
24-05-23.20:59:56.009 [main            ] INFO  StrategyArmoryTest     - Started StrategyArmoryTest in 8.87 seconds (JVM running for 9.724)
24-05-23.20:59:56.705 [main            ] ERROR StrategyArmory         - 查询实体[StrategyAwardEntity(strategyId=100002, awardId=101, awardCount=1, awardCountSurplus=1, awardRate=null), StrategyAwardEntity(strategyId=100002, awardId=102, awardCount=1, awardCountSurplus=1, awardRate=null), StrategyAwardEntity(strategyId=100002, awardId=106, awardCount=1, awardCountSurplus=1, awardRate=null)]
24-05-23.21:00:34.966 [main            ] INFO  StrategyArmoryTest     - Starting StrategyArmoryTest using Java 1.8.0_412 on Eternally6 with PID 23364 (started by panji in D:\Code\java_workspace\magic-lottery\magic-lottery-app)
24-05-23.21:00:34.967 [main            ] INFO  StrategyArmoryTest     - The following 1 profile is active: "dev"
24-05-23.21:00:35.790 [main            ] INFO  RepositoryConfigurationDelegate - Multiple Spring Data modules found, entering strict repository configuration mode
24-05-23.21:00:35.793 [main            ] INFO  RepositoryConfigurationDelegate - Bootstrapping Spring Data Redis repositories in DEFAULT mode.
24-05-23.21:00:35.819 [main            ] INFO  RepositoryConfigurationDelegate - Finished Spring Data repository scanning in 9 ms. Found 0 Redis repository interfaces.
24-05-23.21:00:37.710 [main            ] INFO  Version                - Redisson 3.23.4
24-05-23.21:00:40.736 [redisson-netty-2-8] INFO  MasterPubSubConnectionPool - 1 connections initialized for 124.220.25.230/124.220.25.230:16379
24-05-23.21:00:42.320 [redisson-netty-2-13] INFO  MasterConnectionPool   - 5 connections initialized for 124.220.25.230/124.220.25.230:16379
24-05-23.21:00:45.442 [main            ] INFO  EndpointLinksResolver  - Exposing 1 endpoint(s) beneath base path '/actuator'
24-05-23.21:00:45.616 [main            ] INFO  StrategyArmoryTest     - Started StrategyArmoryTest in 11.051 seconds (JVM running for 11.811)
24-05-23.21:00:46.255 [main            ] INFO  HikariDataSource       - HikariPool-1 - Starting...
24-05-23.21:00:47.562 [main            ] INFO  HikariDataSource       - HikariPool-1 - Start completed.
24-05-23.21:00:47.930 [main            ] ERROR StrategyArmory         - 查询实体[]
24-05-23.21:00:47.931 [main            ] ERROR StrategyArmory         - 最小概率0
24-05-23.21:00:47.931 [main            ] ERROR StrategyArmory         - 总概率0
24-05-23.21:00:49.640 [SpringApplicationShutdownHook] INFO  HikariDataSource       - HikariPool-1 - Shutdown initiated...
24-05-23.21:00:50.500 [SpringApplicationShutdownHook] INFO  HikariDataSource       - HikariPool-1 - Shutdown completed.
24-05-23.21:02:45.138 [main            ] INFO  StrategyArmoryTest     - Starting StrategyArmoryTest using Java 1.8.0_412 on Eternally6 with PID 8944 (started by panji in D:\Code\java_workspace\magic-lottery\magic-lottery-app)
24-05-23.21:02:45.139 [main            ] INFO  StrategyArmoryTest     - The following 1 profile is active: "dev"
24-05-23.21:02:45.773 [main            ] INFO  RepositoryConfigurationDelegate - Multiple Spring Data modules found, entering strict repository configuration mode
24-05-23.21:02:45.776 [main            ] INFO  RepositoryConfigurationDelegate - Bootstrapping Spring Data Redis repositories in DEFAULT mode.
24-05-23.21:02:45.797 [main            ] INFO  RepositoryConfigurationDelegate - Finished Spring Data repository scanning in 8 ms. Found 0 Redis repository interfaces.
24-05-23.21:02:47.335 [main            ] INFO  Version                - Redisson 3.23.4
24-05-23.21:02:48.210 [redisson-netty-2-4] INFO  MasterPubSubConnectionPool - 1 connections initialized for 124.220.25.230/124.220.25.230:16379
24-05-23.21:02:48.278 [redisson-netty-2-13] INFO  MasterConnectionPool   - 5 connections initialized for 124.220.25.230/124.220.25.230:16379
24-05-23.21:02:50.168 [main            ] INFO  EndpointLinksResolver  - Exposing 1 endpoint(s) beneath base path '/actuator'
24-05-23.21:02:50.237 [main            ] INFO  StrategyArmoryTest     - Started StrategyArmoryTest in 5.444 seconds (JVM running for 6.132)
24-05-23.21:02:50.616 [main            ] INFO  HikariDataSource       - HikariPool-1 - Starting...
24-05-23.21:02:50.945 [main            ] INFO  HikariDataSource       - HikariPool-1 - Start completed.
24-05-23.21:02:51.035 [main            ] ERROR StrategyArmory         - 查询实体[]
24-05-23.21:02:51.036 [main            ] ERROR StrategyArmory         - 最小概率0
24-05-23.21:02:51.036 [main            ] ERROR StrategyArmory         - 总概率0
24-05-23.21:02:51.075 [SpringApplicationShutdownHook] INFO  HikariDataSource       - HikariPool-1 - Shutdown initiated...
24-05-23.21:02:51.143 [SpringApplicationShutdownHook] INFO  HikariDataSource       - HikariPool-1 - Shutdown completed.
24-05-23.21:05:08.746 [main            ] INFO  StrategyArmoryTest     - Starting StrategyArmoryTest using Java 1.8.0_412 on Eternally6 with PID 21392 (started by panji in D:\Code\java_workspace\magic-lottery\magic-lottery-app)
24-05-23.21:05:08.747 [main            ] INFO  StrategyArmoryTest     - The following 1 profile is active: "dev"
24-05-23.21:05:09.365 [main            ] INFO  RepositoryConfigurationDelegate - Multiple Spring Data modules found, entering strict repository configuration mode
24-05-23.21:05:09.367 [main            ] INFO  RepositoryConfigurationDelegate - Bootstrapping Spring Data Redis repositories in DEFAULT mode.
24-05-23.21:05:09.386 [main            ] INFO  RepositoryConfigurationDelegate - Finished Spring Data repository scanning in 7 ms. Found 0 Redis repository interfaces.
24-05-23.21:05:10.822 [main            ] INFO  Version                - Redisson 3.23.4
24-05-23.21:05:11.625 [redisson-netty-2-5] INFO  MasterPubSubConnectionPool - 1 connections initialized for 124.220.25.230/124.220.25.230:16379
24-05-23.21:05:11.691 [redisson-netty-2-13] INFO  MasterConnectionPool   - 5 connections initialized for 124.220.25.230/124.220.25.230:16379
24-05-23.21:05:13.273 [main            ] INFO  EndpointLinksResolver  - Exposing 1 endpoint(s) beneath base path '/actuator'
24-05-23.21:05:13.353 [main            ] INFO  StrategyArmoryTest     - Started StrategyArmoryTest in 4.917 seconds (JVM running for 5.506)
24-05-23.21:05:13.721 [main            ] ERROR StrategyRepository     - Redis查询实体[StrategyAwardEntity(strategyId=100002, awardId=101, awardCount=1, awardCountSurplus=1, awardRate=0.5000), StrategyAwardEntity(strategyId=100002, awardId=102, awardCount=1, awardCountSurplus=1, awardRate=0.1000), StrategyAwardEntity(strategyId=100002, awardId=106, awardCount=1, awardCountSurplus=1, awardRate=0.0100)]
24-05-23.21:05:13.722 [main            ] ERROR StrategyArmory         - 查询实体[StrategyAwardEntity(strategyId=100002, awardId=101, awardCount=1, awardCountSurplus=1, awardRate=0.5000), StrategyAwardEntity(strategyId=100002, awardId=102, awardCount=1, awardCountSurplus=1, awardRate=0.1000), StrategyAwardEntity(strategyId=100002, awardId=106, awardCount=1, awardCountSurplus=1, awardRate=0.0100)]
24-05-23.21:05:13.723 [main            ] ERROR StrategyArmory         - 最小概率0.0100
24-05-23.21:05:13.723 [main            ] ERROR StrategyArmory         - 总概率0.6100
24-05-23.21:06:52.901 [main            ] INFO  StrategyArmoryTest     - Starting StrategyArmoryTest using Java 1.8.0_412 on Eternally6 with PID 32896 (started by panji in D:\Code\java_workspace\magic-lottery\magic-lottery-app)
24-05-23.21:06:52.902 [main            ] INFO  StrategyArmoryTest     - The following 1 profile is active: "dev"
24-05-23.21:06:53.525 [main            ] INFO  RepositoryConfigurationDelegate - Multiple Spring Data modules found, entering strict repository configuration mode
24-05-23.21:06:53.528 [main            ] INFO  RepositoryConfigurationDelegate - Bootstrapping Spring Data Redis repositories in DEFAULT mode.
24-05-23.21:06:53.553 [main            ] INFO  RepositoryConfigurationDelegate - Finished Spring Data repository scanning in 14 ms. Found 0 Redis repository interfaces.
24-05-23.21:06:55.003 [main            ] INFO  Version                - Redisson 3.23.4
24-05-23.21:06:55.818 [redisson-netty-2-5] INFO  MasterPubSubConnectionPool - 1 connections initialized for 124.220.25.230/124.220.25.230:16379
24-05-23.21:06:55.884 [redisson-netty-2-13] INFO  MasterConnectionPool   - 5 connections initialized for 124.220.25.230/124.220.25.230:16379
24-05-23.21:06:57.561 [main            ] INFO  EndpointLinksResolver  - Exposing 1 endpoint(s) beneath base path '/actuator'
24-05-23.21:06:57.614 [main            ] INFO  StrategyArmoryTest     - Started StrategyArmoryTest in 5.039 seconds (JVM running for 5.653)
24-05-23.21:06:57.973 [main            ] INFO  StrategyArmoryTest     - 获取抽奖奖品ID:101
24-05-23.21:06:57.992 [main            ] INFO  StrategyArmoryTest     - 获取抽奖奖品ID:null
24-05-23.21:06:58.014 [main            ] INFO  StrategyArmoryTest     - 获取抽奖奖品ID:null
24-05-23.21:08:47.432 [main            ] INFO  StrategyArmoryTest     - Starting StrategyArmoryTest using Java 1.8.0_412 on Eternally6 with PID 28800 (started by panji in D:\Code\java_workspace\magic-lottery\magic-lottery-app)
24-05-23.21:08:47.432 [main            ] INFO  StrategyArmoryTest     - The following 1 profile is active: "dev"
24-05-23.21:08:48.075 [main            ] INFO  RepositoryConfigurationDelegate - Multiple Spring Data modules found, entering strict repository configuration mode
24-05-23.21:08:48.077 [main            ] INFO  RepositoryConfigurationDelegate - Bootstrapping Spring Data Redis repositories in DEFAULT mode.
24-05-23.21:08:48.099 [main            ] INFO  RepositoryConfigurationDelegate - Finished Spring Data repository scanning in 8 ms. Found 0 Redis repository interfaces.
24-05-23.21:08:49.591 [main            ] INFO  Version                - Redisson 3.23.4
24-05-23.21:08:50.435 [redisson-netty-2-5] INFO  MasterPubSubConnectionPool - 1 connections initialized for 124.220.25.230/124.220.25.230:16379
24-05-23.21:08:50.499 [redisson-netty-2-13] INFO  MasterConnectionPool   - 5 connections initialized for 124.220.25.230/124.220.25.230:16379
24-05-23.21:08:52.245 [main            ] INFO  EndpointLinksResolver  - Exposing 1 endpoint(s) beneath base path '/actuator'
24-05-23.21:08:52.301 [main            ] INFO  StrategyArmoryTest     - Started StrategyArmoryTest in 5.191 seconds (JVM running for 5.834)
24-05-23.21:08:52.654 [main            ] INFO  HikariDataSource       - HikariPool-1 - Starting...
24-05-23.21:08:52.968 [main            ] INFO  HikariDataSource       - HikariPool-1 - Start completed.
24-05-23.21:08:53.059 [main            ] ERROR StrategyArmory         - 查询实体[]
24-05-23.21:08:53.060 [main            ] ERROR StrategyArmory         - 最小概率0
24-05-23.21:08:53.061 [main            ] ERROR StrategyArmory         - 总概率0
24-05-23.21:08:53.095 [SpringApplicationShutdownHook] INFO  HikariDataSource       - HikariPool-1 - Shutdown initiated...
24-05-23.21:08:53.180 [SpringApplicationShutdownHook] INFO  HikariDataSource       - HikariPool-1 - Shutdown completed.
24-05-23.21:09:41.283 [main            ] INFO  StrategyArmoryTest     - Starting StrategyArmoryTest using Java 1.8.0_412 on Eternally6 with PID 5132 (started by panji in D:\Code\java_workspace\magic-lottery\magic-lottery-app)
24-05-23.21:09:41.284 [main            ] INFO  StrategyArmoryTest     - The following 1 profile is active: "dev"
24-05-23.21:09:41.895 [main            ] INFO  RepositoryConfigurationDelegate - Multiple Spring Data modules found, entering strict repository configuration mode
24-05-23.21:09:41.898 [main            ] INFO  RepositoryConfigurationDelegate - Bootstrapping Spring Data Redis repositories in DEFAULT mode.
24-05-23.21:09:41.919 [main            ] INFO  RepositoryConfigurationDelegate - Finished Spring Data repository scanning in 8 ms. Found 0 Redis repository interfaces.
24-05-23.21:09:43.529 [main            ] INFO  Version                - Redisson 3.23.4
24-05-23.21:09:44.398 [redisson-netty-2-4] INFO  MasterPubSubConnectionPool - 1 connections initialized for 124.220.25.230/124.220.25.230:16379
24-05-23.21:09:44.464 [redisson-netty-2-13] INFO  MasterConnectionPool   - 5 connections initialized for 124.220.25.230/124.220.25.230:16379
24-05-23.21:09:46.479 [main            ] INFO  EndpointLinksResolver  - Exposing 1 endpoint(s) beneath base path '/actuator'
24-05-23.21:09:46.550 [main            ] INFO  StrategyArmoryTest     - Started StrategyArmoryTest in 5.581 seconds (JVM running for 6.183)
24-05-23.21:09:46.936 [main            ] ERROR StrategyArmory         - 查询实体[StrategyAwardEntity(strategyId=100002, awardId=101, awardCount=1, awardCountSurplus=1, awardRate=0.5000), StrategyAwardEntity(strategyId=100002, awardId=102, awardCount=1, awardCountSurplus=1, awardRate=0.1000), StrategyAwardEntity(strategyId=100002, awardId=106, awardCount=1, awardCountSurplus=1, awardRate=0.0100)]
24-05-23.21:09:46.938 [main            ] ERROR StrategyArmory         - 最小概率0.0100
24-05-23.21:09:46.938 [main            ] ERROR StrategyArmory         - 总概率0.6100
24-05-23.21:10:07.379 [main            ] INFO  StrategyArmoryTest     - Starting StrategyArmoryTest using Java 1.8.0_412 on Eternally6 with PID 16712 (started by panji in D:\Code\java_workspace\magic-lottery\magic-lottery-app)
24-05-23.21:10:07.380 [main            ] INFO  StrategyArmoryTest     - The following 1 profile is active: "dev"
24-05-23.21:10:08.012 [main            ] INFO  RepositoryConfigurationDelegate - Multiple Spring Data modules found, entering strict repository configuration mode
24-05-23.21:10:08.015 [main            ] INFO  RepositoryConfigurationDelegate - Bootstrapping Spring Data Redis repositories in DEFAULT mode.
24-05-23.21:10:08.037 [main            ] INFO  RepositoryConfigurationDelegate - Finished Spring Data repository scanning in 9 ms. Found 0 Redis repository interfaces.
24-05-23.21:10:09.542 [main            ] INFO  Version                - Redisson 3.23.4
24-05-23.21:10:10.395 [redisson-netty-2-4] INFO  MasterPubSubConnectionPool - 1 connections initialized for 124.220.25.230/124.220.25.230:16379
24-05-23.21:10:10.459 [redisson-netty-2-13] INFO  MasterConnectionPool   - 5 connections initialized for 124.220.25.230/124.220.25.230:16379
24-05-23.21:10:12.322 [main            ] INFO  EndpointLinksResolver  - Exposing 1 endpoint(s) beneath base path '/actuator'
24-05-23.21:10:12.380 [main            ] INFO  StrategyArmoryTest     - Started StrategyArmoryTest in 5.326 seconds (JVM running for 5.927)
24-05-23.21:10:12.736 [main            ] INFO  StrategyArmoryTest     - 获取抽奖奖品ID:null
24-05-23.21:10:12.751 [main            ] INFO  StrategyArmoryTest     - 获取抽奖奖品ID:null
24-05-23.21:10:12.767 [main            ] INFO  StrategyArmoryTest     - 获取抽奖奖品ID:101
24-05-23.21:10:20.221 [main            ] INFO  StrategyArmoryTest     - Starting StrategyArmoryTest using Java 1.8.0_412 on Eternally6 with PID 23280 (started by panji in D:\Code\java_workspace\magic-lottery\magic-lottery-app)
24-05-23.21:10:20.221 [main            ] INFO  StrategyArmoryTest     - The following 1 profile is active: "dev"
24-05-23.21:10:20.827 [main            ] INFO  RepositoryConfigurationDelegate - Multiple Spring Data modules found, entering strict repository configuration mode
24-05-23.21:10:20.830 [main            ] INFO  RepositoryConfigurationDelegate - Bootstrapping Spring Data Redis repositories in DEFAULT mode.
24-05-23.21:10:20.848 [main            ] INFO  RepositoryConfigurationDelegate - Finished Spring Data repository scanning in 7 ms. Found 0 Redis repository interfaces.
24-05-23.21:10:22.347 [main            ] INFO  Version                - Redisson 3.23.4
24-05-23.21:10:23.199 [redisson-netty-2-4] INFO  MasterPubSubConnectionPool - 1 connections initialized for 124.220.25.230/124.220.25.230:16379
24-05-23.21:10:23.271 [redisson-netty-2-13] INFO  MasterConnectionPool   - 5 connections initialized for 124.220.25.230/124.220.25.230:16379
24-05-23.21:10:25.071 [main            ] INFO  EndpointLinksResolver  - Exposing 1 endpoint(s) beneath base path '/actuator'
24-05-23.21:10:25.119 [main            ] INFO  StrategyArmoryTest     - Started StrategyArmoryTest in 5.224 seconds (JVM running for 5.917)
24-05-23.21:10:25.451 [main            ] INFO  StrategyArmoryTest     - 获取抽奖奖品ID:101
24-05-23.21:10:25.468 [main            ] INFO  StrategyArmoryTest     - 获取抽奖奖品ID:101
24-05-23.21:10:25.484 [main            ] INFO  StrategyArmoryTest     - 获取抽奖奖品ID:101
24-05-23.21:13:30.280 [main            ] INFO  StrategyArmoryTest     - Starting StrategyArmoryTest using Java 1.8.0_412 on Eternally6 with PID 11800 (started by panji in D:\Code\java_workspace\magic-lottery\magic-lottery-app)
24-05-23.21:13:30.281 [main            ] INFO  StrategyArmoryTest     - The following 1 profile is active: "dev"
24-05-23.21:13:30.884 [main            ] INFO  RepositoryConfigurationDelegate - Multiple Spring Data modules found, entering strict repository configuration mode
24-05-23.21:13:30.887 [main            ] INFO  RepositoryConfigurationDelegate - Bootstrapping Spring Data Redis repositories in DEFAULT mode.
24-05-23.21:13:30.906 [main            ] INFO  RepositoryConfigurationDelegate - Finished Spring Data repository scanning in 7 ms. Found 0 Redis repository interfaces.
24-05-23.21:13:32.325 [main            ] INFO  Version                - Redisson 3.23.4
24-05-23.21:13:33.142 [redisson-netty-2-4] INFO  MasterPubSubConnectionPool - 1 connections initialized for 124.220.25.230/124.220.25.230:16379
24-05-23.21:13:33.208 [redisson-netty-2-13] INFO  MasterConnectionPool   - 5 connections initialized for 124.220.25.230/124.220.25.230:16379
24-05-23.21:13:34.907 [main            ] INFO  EndpointLinksResolver  - Exposing 1 endpoint(s) beneath base path '/actuator'
24-05-23.21:13:34.976 [main            ] INFO  StrategyArmoryTest     - Started StrategyArmoryTest in 5.016 seconds (JVM running for 5.608)
24-05-23.21:13:35.339 [main            ] INFO  StrategyArmoryTest     - 获取抽奖奖品ID:null
24-05-23.21:13:35.356 [main            ] INFO  StrategyArmoryTest     - 获取抽奖奖品ID:102
24-05-23.21:13:35.374 [main            ] INFO  StrategyArmoryTest     - 获取抽奖奖品ID:null
24-05-23.21:14:45.612 [main            ] INFO  StrategyArmoryTest     - Starting StrategyArmoryTest using Java 1.8.0_412 on Eternally6 with PID 25752 (started by panji in D:\Code\java_workspace\magic-lottery\magic-lottery-app)
24-05-23.21:14:45.612 [main            ] INFO  StrategyArmoryTest     - The following 1 profile is active: "dev"
24-05-23.21:14:46.232 [main            ] INFO  RepositoryConfigurationDelegate - Multiple Spring Data modules found, entering strict repository configuration mode
24-05-23.21:14:46.235 [main            ] INFO  RepositoryConfigurationDelegate - Bootstrapping Spring Data Redis repositories in DEFAULT mode.
24-05-23.21:14:46.254 [main            ] INFO  RepositoryConfigurationDelegate - Finished Spring Data repository scanning in 8 ms. Found 0 Redis repository interfaces.
24-05-23.21:14:47.677 [main            ] INFO  Version                - Redisson 3.23.4
24-05-23.21:14:48.526 [redisson-netty-2-5] INFO  MasterPubSubConnectionPool - 1 connections initialized for 124.220.25.230/124.220.25.230:16379
24-05-23.21:14:48.591 [redisson-netty-2-13] INFO  MasterConnectionPool   - 5 connections initialized for 124.220.25.230/124.220.25.230:16379
24-05-23.21:14:50.344 [main            ] INFO  EndpointLinksResolver  - Exposing 1 endpoint(s) beneath base path '/actuator'
24-05-23.21:14:50.412 [main            ] INFO  StrategyArmoryTest     - Started StrategyArmoryTest in 5.129 seconds (JVM running for 5.737)
24-05-23.21:14:50.782 [main            ] ERROR StrategyRepository     - 抽奖表org.redisson.RedissonMap@fc6
24-05-23.21:14:50.808 [main            ] INFO  StrategyArmoryTest     - 获取抽奖奖品ID:101
24-05-23.21:14:50.815 [main            ] ERROR StrategyRepository     - 抽奖表org.redisson.RedissonMap@fc6
24-05-23.21:14:50.832 [main            ] INFO  StrategyArmoryTest     - 获取抽奖奖品ID:null
24-05-23.21:14:50.841 [main            ] ERROR StrategyRepository     - 抽奖表org.redisson.RedissonMap@fc6
24-05-23.21:14:50.859 [main            ] INFO  StrategyArmoryTest     - 获取抽奖奖品ID:101
24-05-23.21:15:18.127 [main            ] INFO  StrategyArmoryTest     - Starting StrategyArmoryTest using Java 1.8.0_412 on Eternally6 with PID 28272 (started by panji in D:\Code\java_workspace\magic-lottery\magic-lottery-app)
24-05-23.21:15:18.128 [main            ] INFO  StrategyArmoryTest     - The following 1 profile is active: "dev"
24-05-23.21:15:18.759 [main            ] INFO  RepositoryConfigurationDelegate - Multiple Spring Data modules found, entering strict repository configuration mode
24-05-23.21:15:18.762 [main            ] INFO  RepositoryConfigurationDelegate - Bootstrapping Spring Data Redis repositories in DEFAULT mode.
24-05-23.21:15:18.780 [main            ] INFO  RepositoryConfigurationDelegate - Finished Spring Data repository scanning in 7 ms. Found 0 Redis repository interfaces.
24-05-23.21:15:20.232 [main            ] INFO  Version                - Redisson 3.23.4
24-05-23.21:15:21.044 [redisson-netty-2-4] INFO  MasterPubSubConnectionPool - 1 connections initialized for 124.220.25.230/124.220.25.230:16379
24-05-23.21:15:21.107 [redisson-netty-2-13] INFO  MasterConnectionPool   - 5 connections initialized for 124.220.25.230/124.220.25.230:16379
24-05-23.21:15:22.865 [main            ] INFO  EndpointLinksResolver  - Exposing 1 endpoint(s) beneath base path '/actuator'
24-05-23.21:15:22.923 [main            ] INFO  StrategyArmoryTest     - Started StrategyArmoryTest in 5.103 seconds (JVM running for 5.702)
24-05-23.21:15:23.270 [main            ] ERROR StrategyRepository     - 抽奖表org.redisson.RedissonMap@fc6
24-05-23.21:15:23.282 [main            ] INFO  StrategyArmoryTest     - 获取抽奖奖品ID:null
24-05-23.21:15:23.298 [main            ] ERROR StrategyRepository     - 抽奖表org.redisson.RedissonMap@fc6
24-05-23.21:15:23.307 [main            ] INFO  StrategyArmoryTest     - 获取抽奖奖品ID:null
24-05-23.21:15:23.323 [main            ] ERROR StrategyRepository     - 抽奖表org.redisson.RedissonMap@fc6
24-05-23.21:15:23.332 [main            ] INFO  StrategyArmoryTest     - 获取抽奖奖品ID:101
24-05-23.21:18:51.683 [main            ] INFO  StrategyArmoryTest     - Starting StrategyArmoryTest using Java 1.8.0_412 on Eternally6 with PID 22880 (started by panji in D:\Code\java_workspace\magic-lottery\magic-lottery-app)
24-05-23.21:18:51.684 [main            ] INFO  StrategyArmoryTest     - The following 1 profile is active: "dev"
24-05-23.21:18:52.288 [main            ] INFO  RepositoryConfigurationDelegate - Multiple Spring Data modules found, entering strict repository configuration mode
24-05-23.21:18:52.291 [main            ] INFO  RepositoryConfigurationDelegate - Bootstrapping Spring Data Redis repositories in DEFAULT mode.
24-05-23.21:18:52.311 [main            ] INFO  RepositoryConfigurationDelegate - Finished Spring Data repository scanning in 7 ms. Found 0 Redis repository interfaces.
24-05-23.21:18:53.789 [main            ] INFO  Version                - Redisson 3.23.4
24-05-23.21:18:54.614 [redisson-netty-2-5] INFO  MasterPubSubConnectionPool - 1 connections initialized for 124.220.25.230/124.220.25.230:16379
24-05-23.21:18:54.679 [redisson-netty-2-13] INFO  MasterConnectionPool   - 5 connections initialized for 124.220.25.230/124.220.25.230:16379
24-05-23.21:18:56.634 [main            ] INFO  EndpointLinksResolver  - Exposing 1 endpoint(s) beneath base path '/actuator'
24-05-23.21:18:56.691 [main            ] INFO  StrategyArmoryTest     - Started StrategyArmoryTest in 5.32 seconds (JVM running for 5.919)
24-05-23.21:18:57.074 [main            ] INFO  StrategyArmoryTest     - 获取抽奖奖品ID:null
24-05-23.21:18:57.091 [main            ] INFO  StrategyArmoryTest     - 获取抽奖奖品ID:null
24-05-23.21:18:57.106 [main            ] INFO  StrategyArmoryTest     - 获取抽奖奖品ID:null
24-05-23.21:19:05.551 [main            ] INFO  StrategyArmoryTest     - Starting StrategyArmoryTest using Java 1.8.0_412 on Eternally6 with PID 37512 (started by panji in D:\Code\java_workspace\magic-lottery\magic-lottery-app)
24-05-23.21:19:05.553 [main            ] INFO  StrategyArmoryTest     - The following 1 profile is active: "dev"
24-05-23.21:19:06.276 [main            ] INFO  RepositoryConfigurationDelegate - Multiple Spring Data modules found, entering strict repository configuration mode
24-05-23.21:19:06.279 [main            ] INFO  RepositoryConfigurationDelegate - Bootstrapping Spring Data Redis repositories in DEFAULT mode.
24-05-23.21:19:06.300 [main            ] INFO  RepositoryConfigurationDelegate - Finished Spring Data repository scanning in 7 ms. Found 0 Redis repository interfaces.
24-05-23.21:19:07.867 [main            ] INFO  Version                - Redisson 3.23.4
24-05-23.21:19:08.709 [redisson-netty-2-4] INFO  MasterPubSubConnectionPool - 1 connections initialized for 124.220.25.230/124.220.25.230:16379
24-05-23.21:19:08.792 [redisson-netty-2-13] INFO  MasterConnectionPool   - 5 connections initialized for 124.220.25.230/124.220.25.230:16379
24-05-23.21:19:10.755 [main            ] INFO  EndpointLinksResolver  - Exposing 1 endpoint(s) beneath base path '/actuator'
24-05-23.21:19:10.831 [main            ] INFO  StrategyArmoryTest     - Started StrategyArmoryTest in 5.684 seconds (JVM running for 6.895)
24-05-23.21:19:11.270 [main            ] INFO  StrategyArmoryTest     - 获取抽奖奖品ID:101
24-05-23.21:19:11.289 [main            ] INFO  StrategyArmoryTest     - 获取抽奖奖品ID:101
24-05-23.21:19:11.307 [main            ] INFO  StrategyArmoryTest     - 获取抽奖奖品ID:101
24-05-23.21:20:18.225 [main            ] INFO  StrategyArmoryTest     - Starting StrategyArmoryTest using Java 1.8.0_412 on Eternally6 with PID 39656 (started by panji in D:\Code\java_workspace\magic-lottery\magic-lottery-app)
24-05-23.21:20:18.226 [main            ] INFO  StrategyArmoryTest     - The following 1 profile is active: "dev"
24-05-23.21:20:19.081 [main            ] INFO  RepositoryConfigurationDelegate - Multiple Spring Data modules found, entering strict repository configuration mode
24-05-23.21:20:19.084 [main            ] INFO  RepositoryConfigurationDelegate - Bootstrapping Spring Data Redis repositories in DEFAULT mode.
24-05-23.21:20:19.105 [main            ] INFO  RepositoryConfigurationDelegate - Finished Spring Data repository scanning in 7 ms. Found 0 Redis repository interfaces.
24-05-23.21:20:20.789 [main            ] INFO  Version                - Redisson 3.23.4
24-05-23.21:20:21.657 [redisson-netty-2-4] INFO  MasterPubSubConnectionPool - 1 connections initialized for 124.220.25.230/124.220.25.230:16379
24-05-23.21:20:21.725 [redisson-netty-2-13] INFO  MasterConnectionPool   - 5 connections initialized for 124.220.25.230/124.220.25.230:16379
24-05-23.21:20:24.026 [main            ] INFO  EndpointLinksResolver  - Exposing 1 endpoint(s) beneath base path '/actuator'
24-05-23.21:20:24.147 [main            ] INFO  StrategyArmoryTest     - Started StrategyArmoryTest in 6.347 seconds (JVM running for 7.312)
24-05-23.21:20:24.604 [main            ] INFO  StrategyArmoryTest     - 获取抽奖奖品ID:101
24-05-23.21:20:24.618 [main            ] INFO  StrategyArmoryTest     - 获取抽奖奖品ID:101
24-05-23.21:20:24.633 [main            ] INFO  StrategyArmoryTest     - 获取抽奖奖品ID:101
24-05-23.21:21:05.785 [main            ] INFO  StrategyArmoryTest     - Starting StrategyArmoryTest using Java 1.8.0_412 on Eternally6 with PID 19728 (started by panji in D:\Code\java_workspace\magic-lottery\magic-lottery-app)
24-05-23.21:21:05.787 [main            ] INFO  StrategyArmoryTest     - The following 1 profile is active: "dev"
24-05-23.21:21:06.404 [main            ] INFO  RepositoryConfigurationDelegate - Multiple Spring Data modules found, entering strict repository configuration mode
24-05-23.21:21:06.407 [main            ] INFO  RepositoryConfigurationDelegate - Bootstrapping Spring Data Redis repositories in DEFAULT mode.
24-05-23.21:21:06.434 [main            ] INFO  RepositoryConfigurationDelegate - Finished Spring Data repository scanning in 14 ms. Found 0 Redis repository interfaces.
24-05-23.21:21:07.870 [main            ] INFO  Version                - Redisson 3.23.4
24-05-23.21:21:08.653 [redisson-netty-2-4] INFO  MasterPubSubConnectionPool - 1 connections initialized for 124.220.25.230/124.220.25.230:16379
24-05-23.21:21:08.730 [redisson-netty-2-13] INFO  MasterConnectionPool   - 5 connections initialized for 124.220.25.230/124.220.25.230:16379
24-05-23.21:21:10.487 [main            ] INFO  EndpointLinksResolver  - Exposing 1 endpoint(s) beneath base path '/actuator'
24-05-23.21:21:10.551 [main            ] INFO  StrategyArmoryTest     - Started StrategyArmoryTest in 5.081 seconds (JVM running for 5.69)
24-05-23.21:21:10.929 [main            ] INFO  StrategyArmoryTest     - 获取抽奖奖品ID:101
24-05-23.21:21:10.945 [main            ] INFO  StrategyArmoryTest     - 获取抽奖奖品ID:null
24-05-23.21:21:10.960 [main            ] INFO  StrategyArmoryTest     - 获取抽奖奖品ID:101
24-05-23.21:22:02.719 [main            ] INFO  StrategyArmoryTest     - Starting StrategyArmoryTest using Java 1.8.0_412 on Eternally6 with PID 26976 (started by panji in D:\Code\java_workspace\magic-lottery\magic-lottery-app)
24-05-23.21:22:02.720 [main            ] INFO  StrategyArmoryTest     - The following 1 profile is active: "dev"
24-05-23.21:22:03.423 [main            ] INFO  RepositoryConfigurationDelegate - Multiple Spring Data modules found, entering strict repository configuration mode
24-05-23.21:22:03.426 [main            ] INFO  RepositoryConfigurationDelegate - Bootstrapping Spring Data Redis repositories in DEFAULT mode.
24-05-23.21:22:03.449 [main            ] INFO  RepositoryConfigurationDelegate - Finished Spring Data repository scanning in 9 ms. Found 0 Redis repository interfaces.
24-05-23.21:22:04.969 [main            ] INFO  Version                - Redisson 3.23.4
24-05-23.21:22:05.803 [redisson-netty-2-4] INFO  MasterPubSubConnectionPool - 1 connections initialized for 124.220.25.230/124.220.25.230:16379
24-05-23.21:22:05.876 [redisson-netty-2-13] INFO  MasterConnectionPool   - 5 connections initialized for 124.220.25.230/124.220.25.230:16379
24-05-23.21:22:07.821 [main            ] INFO  EndpointLinksResolver  - Exposing 1 endpoint(s) beneath base path '/actuator'
24-05-23.21:22:07.918 [main            ] INFO  StrategyArmoryTest     - Started StrategyArmoryTest in 5.574 seconds (JVM running for 6.386)
24-05-23.21:22:08.349 [main            ] INFO  HikariDataSource       - HikariPool-1 - Starting...
24-05-23.21:22:08.682 [main            ] INFO  HikariDataSource       - HikariPool-1 - Start completed.
24-05-23.21:22:08.823 [SpringApplicationShutdownHook] INFO  HikariDataSource       - HikariPool-1 - Shutdown initiated...
24-05-23.21:22:08.883 [SpringApplicationShutdownHook] INFO  HikariDataSource       - HikariPool-1 - Shutdown completed.
24-05-23.21:22:37.684 [main            ] INFO  StrategyArmoryTest     - Starting StrategyArmoryTest using Java 1.8.0_412 on Eternally6 with PID 17468 (started by panji in D:\Code\java_workspace\magic-lottery\magic-lottery-app)
24-05-23.21:22:37.685 [main            ] INFO  StrategyArmoryTest     - The following 1 profile is active: "dev"
24-05-23.21:22:38.461 [main            ] INFO  RepositoryConfigurationDelegate - Multiple Spring Data modules found, entering strict repository configuration mode
24-05-23.21:22:38.464 [main            ] INFO  RepositoryConfigurationDelegate - Bootstrapping Spring Data Redis repositories in DEFAULT mode.
24-05-23.21:22:38.485 [main            ] INFO  RepositoryConfigurationDelegate - Finished Spring Data repository scanning in 7 ms. Found 0 Redis repository interfaces.
24-05-23.21:22:40.198 [main            ] INFO  Version                - Redisson 3.23.4
24-05-23.21:22:41.175 [redisson-netty-2-5] INFO  MasterPubSubConnectionPool - 1 connections initialized for 124.220.25.230/124.220.25.230:16379
24-05-23.21:22:41.247 [redisson-netty-2-13] INFO  MasterConnectionPool   - 5 connections initialized for 124.220.25.230/124.220.25.230:16379
24-05-23.21:22:43.861 [main            ] INFO  EndpointLinksResolver  - Exposing 1 endpoint(s) beneath base path '/actuator'
24-05-23.21:22:43.942 [main            ] INFO  StrategyArmoryTest     - Started StrategyArmoryTest in 6.652 seconds (JVM running for 7.533)
24-05-23.21:22:44.332 [main            ] INFO  HikariDataSource       - HikariPool-1 - Starting...
24-05-23.21:22:44.687 [main            ] INFO  HikariDataSource       - HikariPool-1 - Start completed.
24-05-23.21:22:44.835 [SpringApplicationShutdownHook] INFO  HikariDataSource       - HikariPool-1 - Shutdown initiated...
24-05-23.21:22:44.892 [SpringApplicationShutdownHook] INFO  HikariDataSource       - HikariPool-1 - Shutdown completed.
24-05-23.21:23:03.350 [main            ] INFO  StrategyArmoryTest     - Starting StrategyArmoryTest using Java 1.8.0_412 on Eternally6 with PID 34620 (started by panji in D:\Code\java_workspace\magic-lottery\magic-lottery-app)
24-05-23.21:23:03.351 [main            ] INFO  StrategyArmoryTest     - The following 1 profile is active: "dev"
24-05-23.21:23:04.134 [main            ] INFO  RepositoryConfigurationDelegate - Multiple Spring Data modules found, entering strict repository configuration mode
24-05-23.21:23:04.138 [main            ] INFO  RepositoryConfigurationDelegate - Bootstrapping Spring Data Redis repositories in DEFAULT mode.
24-05-23.21:23:04.158 [main            ] INFO  RepositoryConfigurationDelegate - Finished Spring Data repository scanning in 8 ms. Found 0 Redis repository interfaces.
24-05-23.21:23:05.890 [main            ] INFO  Version                - Redisson 3.23.4
24-05-23.21:23:06.917 [redisson-netty-2-4] INFO  MasterPubSubConnectionPool - 1 connections initialized for 124.220.25.230/124.220.25.230:16379
24-05-23.21:23:07.017 [redisson-netty-2-13] INFO  MasterConnectionPool   - 5 connections initialized for 124.220.25.230/124.220.25.230:16379
24-05-23.21:23:09.394 [main            ] INFO  EndpointLinksResolver  - Exposing 1 endpoint(s) beneath base path '/actuator'
24-05-23.21:23:09.512 [main            ] INFO  StrategyArmoryTest     - Started StrategyArmoryTest in 6.564 seconds (JVM running for 7.422)
24-05-23.21:26:50.275 [main            ] INFO  StrategyArmoryTest     - Starting StrategyArmoryTest using Java 1.8.0_412 on Eternally6 with PID 36052 (started by panji in D:\Code\java_workspace\magic-lottery\magic-lottery-app)
24-05-23.21:26:50.276 [main            ] INFO  StrategyArmoryTest     - The following 1 profile is active: "dev"
24-05-23.21:26:51.090 [main            ] INFO  RepositoryConfigurationDelegate - Multiple Spring Data modules found, entering strict repository configuration mode
24-05-23.21:26:51.093 [main            ] INFO  RepositoryConfigurationDelegate - Bootstrapping Spring Data Redis repositories in DEFAULT mode.
24-05-23.21:26:51.122 [main            ] INFO  RepositoryConfigurationDelegate - Finished Spring Data repository scanning in 11 ms. Found 0 Redis repository interfaces.
24-05-23.21:26:52.813 [main            ] INFO  Version                - Redisson 3.23.4
24-05-23.21:26:53.732 [redisson-netty-2-4] INFO  MasterPubSubConnectionPool - 1 connections initialized for 124.220.25.230/124.220.25.230:16379
24-05-23.21:26:53.801 [redisson-netty-2-13] INFO  MasterConnectionPool   - 5 connections initialized for 124.220.25.230/124.220.25.230:16379
24-05-23.21:26:56.124 [main            ] INFO  EndpointLinksResolver  - Exposing 1 endpoint(s) beneath base path '/actuator'
24-05-23.21:26:56.209 [main            ] INFO  StrategyArmoryTest     - Started StrategyArmoryTest in 6.334 seconds (JVM running for 7.202)
24-05-23.21:27:09.875 [main            ] INFO  StrategyArmoryTest     - Starting StrategyArmoryTest using Java 1.8.0_412 on Eternally6 with PID 37576 (started by panji in D:\Code\java_workspace\magic-lottery\magic-lottery-app)
24-05-23.21:27:09.877 [main            ] INFO  StrategyArmoryTest     - The following 1 profile is active: "dev"
24-05-23.21:27:10.622 [main            ] INFO  RepositoryConfigurationDelegate - Multiple Spring Data modules found, entering strict repository configuration mode
24-05-23.21:27:10.624 [main            ] INFO  RepositoryConfigurationDelegate - Bootstrapping Spring Data Redis repositories in DEFAULT mode.
24-05-23.21:27:10.644 [main            ] INFO  RepositoryConfigurationDelegate - Finished Spring Data repository scanning in 7 ms. Found 0 Redis repository interfaces.
24-05-23.21:27:12.332 [main            ] INFO  Version                - Redisson 3.23.4
24-05-23.21:27:13.227 [redisson-netty-2-4] INFO  MasterPubSubConnectionPool - 1 connections initialized for 124.220.25.230/124.220.25.230:16379
24-05-23.21:27:13.301 [redisson-netty-2-13] INFO  MasterConnectionPool   - 5 connections initialized for 124.220.25.230/124.220.25.230:16379
24-05-23.21:27:15.634 [main            ] INFO  EndpointLinksResolver  - Exposing 1 endpoint(s) beneath base path '/actuator'
24-05-23.21:27:15.760 [main            ] INFO  StrategyArmoryTest     - Started StrategyArmoryTest in 6.301 seconds (JVM running for 7.2)
24-05-23.21:28:15.650 [main            ] INFO  StrategyArmoryTest     - Starting StrategyArmoryTest using Java 1.8.0_412 on Eternally6 with PID 36448 (started by panji in D:\Code\java_workspace\magic-lottery\magic-lottery-app)
24-05-23.21:28:15.651 [main            ] INFO  StrategyArmoryTest     - The following 1 profile is active: "dev"
24-05-23.21:28:16.341 [main            ] INFO  RepositoryConfigurationDelegate - Multiple Spring Data modules found, entering strict repository configuration mode
24-05-23.21:28:16.344 [main            ] INFO  RepositoryConfigurationDelegate - Bootstrapping Spring Data Redis repositories in DEFAULT mode.
24-05-23.21:28:16.365 [main            ] INFO  RepositoryConfigurationDelegate - Finished Spring Data repository scanning in 8 ms. Found 0 Redis repository interfaces.
24-05-23.21:28:17.933 [main            ] INFO  Version                - Redisson 3.23.4
24-05-23.21:28:18.833 [redisson-netty-2-4] INFO  MasterPubSubConnectionPool - 1 connections initialized for 124.220.25.230/124.220.25.230:16379
24-05-23.21:28:18.901 [redisson-netty-2-13] INFO  MasterConnectionPool   - 5 connections initialized for 124.220.25.230/124.220.25.230:16379
24-05-23.21:28:20.738 [main            ] INFO  EndpointLinksResolver  - Exposing 1 endpoint(s) beneath base path '/actuator'
24-05-23.21:28:20.798 [main            ] INFO  StrategyArmoryTest     - Started StrategyArmoryTest in 5.501 seconds (JVM running for 6.156)
24-05-23.21:28:21.221 [main            ] INFO  StrategyArmoryTest     - 获取抽奖奖品ID:101
24-05-23.21:28:21.238 [main            ] INFO  StrategyArmoryTest     - 获取抽奖奖品ID:106
24-05-23.21:28:21.255 [main            ] INFO  StrategyArmoryTest     - 获取抽奖奖品ID:101
24-05-23.21:34:05.471 [main            ] INFO  StrategyArmoryTest     - Starting StrategyArmoryTest using Java 1.8.0_412 on Eternally6 with PID 28844 (started by panji in D:\Code\java_workspace\magic-lottery\magic-lottery-app)
24-05-23.21:34:05.472 [main            ] INFO  StrategyArmoryTest     - The following 1 profile is active: "dev"
24-05-23.21:34:06.152 [main            ] INFO  RepositoryConfigurationDelegate - Multiple Spring Data modules found, entering strict repository configuration mode
24-05-23.21:34:06.155 [main            ] INFO  RepositoryConfigurationDelegate - Bootstrapping Spring Data Redis repositories in DEFAULT mode.
24-05-23.21:34:06.176 [main            ] INFO  RepositoryConfigurationDelegate - Finished Spring Data repository scanning in 8 ms. Found 0 Redis repository interfaces.
24-05-23.21:34:07.816 [main            ] INFO  Version                - Redisson 3.23.4
24-05-23.21:34:08.690 [redisson-netty-2-4] INFO  MasterPubSubConnectionPool - 1 connections initialized for 124.220.25.230/124.220.25.230:16379
24-05-23.21:34:08.758 [redisson-netty-2-13] INFO  MasterConnectionPool   - 5 connections initialized for 124.220.25.230/124.220.25.230:16379
24-05-23.21:34:10.776 [main            ] INFO  EndpointLinksResolver  - Exposing 1 endpoint(s) beneath base path '/actuator'
24-05-23.21:34:10.851 [main            ] INFO  StrategyArmoryTest     - Started StrategyArmoryTest in 5.729 seconds (JVM running for 6.4)
24-05-23.21:34:11.274 [main            ] INFO  StrategyArmoryTest     - 获取抽奖奖品ID:101
24-05-23.21:34:11.291 [main            ] INFO  StrategyArmoryTest     - 获取抽奖奖品ID:101
24-05-23.21:34:11.306 [main            ] INFO  StrategyArmoryTest     - 获取抽奖奖品ID:101
24-05-23.23:11:33.731 [main            ] INFO  StrategyArmoryTest     - Starting StrategyArmoryTest using Java 1.8.0_412 on Eternally6 with PID 33932 (started by panji in D:\Code\java_workspace\magic-lottery\magic-lottery-app)
24-05-23.23:11:33.732 [main            ] INFO  StrategyArmoryTest     - The following 1 profile is active: "dev"
24-05-23.23:11:34.431 [main            ] INFO  RepositoryConfigurationDelegate - Multiple Spring Data modules found, entering strict repository configuration mode
24-05-23.23:11:34.434 [main            ] INFO  RepositoryConfigurationDelegate - Bootstrapping Spring Data Redis repositories in DEFAULT mode.
24-05-23.23:11:34.464 [main            ] INFO  RepositoryConfigurationDelegate - Finished Spring Data repository scanning in 7 ms. Found 0 Redis repository interfaces.
24-05-23.23:11:36.027 [main            ] INFO  Version                - Redisson 3.23.4
24-05-23.23:11:36.891 [redisson-netty-2-5] INFO  MasterPubSubConnectionPool - 1 connections initialized for 124.220.25.230/124.220.25.230:16379
24-05-23.23:11:36.960 [redisson-netty-2-13] INFO  MasterConnectionPool   - 5 connections initialized for 124.220.25.230/124.220.25.230:16379
24-05-23.23:11:38.754 [main            ] INFO  EndpointLinksResolver  - Exposing 1 endpoint(s) beneath base path '/actuator'
24-05-23.23:11:38.826 [main            ] INFO  StrategyArmoryTest     - Started StrategyArmoryTest in 5.418 seconds (JVM running for 6.158)
24-05-23.23:11:39.291 [main            ] INFO  StrategyArmoryTest     - 获取抽奖奖品ID:101
24-05-23.23:11:39.309 [main            ] INFO  StrategyArmoryTest     - 获取抽奖奖品ID:101
24-05-23.23:11:39.326 [main            ] INFO  StrategyArmoryTest     - 获取抽奖奖品ID:101
24-05-23.23:11:39.343 [main            ] INFO  StrategyArmoryTest     - 获取抽奖奖品ID:101
24-05-23.23:11:39.360 [main            ] INFO  StrategyArmoryTest     - 获取抽奖奖品ID:101
24-05-23.23:11:39.376 [main            ] INFO  StrategyArmoryTest     - 获取抽奖奖品ID:102
24-05-23.23:11:39.394 [main            ] INFO  StrategyArmoryTest     - 获取抽奖奖品ID:102
24-05-23.23:11:39.409 [main            ] INFO  StrategyArmoryTest     - 获取抽奖奖品ID:101
24-05-23.23:11:39.426 [main            ] INFO  StrategyArmoryTest     - 获取抽奖奖品ID:101
24-05-23.23:11:39.441 [main            ] INFO  StrategyArmoryTest     - 获取抽奖奖品ID:101
24-05-23.23:11:39.455 [main            ] INFO  StrategyArmoryTest     - 获取抽奖奖品ID:101
24-05-23.23:11:39.473 [main            ] INFO  StrategyArmoryTest     - 获取抽奖奖品ID:101
