24-06-25.22:52:53.538 [main            ] INFO  LogicChainTest         - Starting LogicChainTest using Java 1.8.0_412 on Eternally6 with PID 27680 (started by panji in D:\Code\java_workspace\magic-lottery\magic-lottery-app)
24-06-25.22:52:53.539 [main            ] INFO  LogicChainTest         - The following 1 profile is active: "dev"
24-06-25.22:52:54.389 [main            ] INFO  RepositoryConfigurationDelegate - Multiple Spring Data modules found, entering strict repository configuration mode
24-06-25.22:52:54.392 [main            ] INFO  RepositoryConfigurationDelegate - Bootstrapping Spring Data Redis repositories in DEFAULT mode.
24-06-25.22:52:54.432 [main            ] INFO  RepositoryConfigurationDelegate - Finished Spring Data repository scanning in 23 ms. Found 0 Redis repository interfaces.
24-06-25.22:52:55.931 [main            ] INFO  Version                - Redisson 3.23.4
24-06-25.22:52:56.549 [redisson-netty-2-5] INFO  MasterPubSubConnectionPool - 1 connections initialized for 127.0.0.1/127.0.0.1:16379
24-06-25.22:52:56.569 [redisson-netty-2-13] INFO  MasterConnectionPool   - 5 connections initialized for 127.0.0.1/127.0.0.1:16379
24-06-25.22:52:58.407 [main            ] INFO  EndpointLinksResolver  - Exposing 1 endpoint(s) beneath base path '/actuator'
24-06-25.22:52:58.482 [main            ] INFO  LogicChainTest         - Started LogicChainTest in 5.34 seconds (JVM running for 6.19)
24-06-25.22:52:59.148 [main            ] INFO  HikariDataSource       - HikariPool-1 - Starting...
24-06-25.22:52:59.500 [main            ] INFO  HikariDataSource       - HikariPool-1 - Start completed.
24-06-25.22:52:59.576 [main            ] INFO  LogicChainTest         - 测试结果：true
24-06-25.22:52:59.588 [main            ] INFO  LogicChainTest         - 测试结果：true
24-06-25.22:52:59.599 [main            ] INFO  LogicChainTest         - 测试结果：true
24-06-25.22:52:59.610 [main            ] INFO  DefaultLogicChain      - 抽奖责任链-默认处理 userId: user001 strategyId: 100003 ruleModel: default awardId: 107
24-06-25.22:52:59.611 [main            ] INFO  LogicChainTest         - 测试结果：107
24-06-25.22:52:59.652 [SpringApplicationShutdownHook] INFO  HikariDataSource       - HikariPool-1 - Shutdown initiated...
24-06-25.22:52:59.670 [SpringApplicationShutdownHook] INFO  HikariDataSource       - HikariPool-1 - Shutdown completed.
24-06-25.22:53:13.528 [main            ] INFO  LogicChainTest         - Starting LogicChainTest using Java 1.8.0_412 on Eternally6 with PID 14384 (started by panji in D:\Code\java_workspace\magic-lottery\magic-lottery-app)
24-06-25.22:53:13.528 [main            ] INFO  LogicChainTest         - The following 1 profile is active: "dev"
24-06-25.22:53:14.187 [main            ] INFO  RepositoryConfigurationDelegate - Multiple Spring Data modules found, entering strict repository configuration mode
24-06-25.22:53:14.190 [main            ] INFO  RepositoryConfigurationDelegate - Bootstrapping Spring Data Redis repositories in DEFAULT mode.
24-06-25.22:53:14.224 [main            ] INFO  RepositoryConfigurationDelegate - Finished Spring Data repository scanning in 22 ms. Found 0 Redis repository interfaces.
24-06-25.22:53:15.503 [main            ] INFO  Version                - Redisson 3.23.4
24-06-25.22:53:16.096 [redisson-netty-2-4] INFO  MasterPubSubConnectionPool - 1 connections initialized for 127.0.0.1/127.0.0.1:16379
24-06-25.22:53:16.113 [redisson-netty-2-13] INFO  MasterConnectionPool   - 5 connections initialized for 127.0.0.1/127.0.0.1:16379
24-06-25.22:53:18.042 [main            ] INFO  EndpointLinksResolver  - Exposing 1 endpoint(s) beneath base path '/actuator'
24-06-25.22:53:18.126 [main            ] INFO  LogicChainTest         - Started LogicChainTest in 4.908 seconds (JVM running for 5.533)
24-06-25.22:53:18.740 [main            ] INFO  HikariDataSource       - HikariPool-1 - Starting...
24-06-25.22:53:18.989 [main            ] INFO  HikariDataSource       - HikariPool-1 - Start completed.
24-06-25.22:53:19.056 [main            ] INFO  LogicChainTest         - 测试结果：true
24-06-25.22:53:19.066 [main            ] INFO  LogicChainTest         - 测试结果：true
24-06-25.22:53:19.077 [main            ] INFO  LogicChainTest         - 测试结果：true
24-06-25.22:53:19.086 [main            ] INFO  DefaultLogicChain      - 抽奖责任链-默认处理 userId: user001 strategyId: 100003 ruleModel: default awardId: 107
24-06-25.22:53:19.086 [main            ] INFO  LogicChainTest         - 测试结果：107
24-06-25.22:53:19.123 [SpringApplicationShutdownHook] INFO  HikariDataSource       - HikariPool-1 - Shutdown initiated...
24-06-25.22:53:19.136 [SpringApplicationShutdownHook] INFO  HikariDataSource       - HikariPool-1 - Shutdown completed.
24-06-25.22:53:38.741 [main            ] INFO  LogicChainTest         - Starting LogicChainTest using Java 1.8.0_412 on Eternally6 with PID 18688 (started by panji in D:\Code\java_workspace\magic-lottery\magic-lottery-app)
24-06-25.22:53:38.742 [main            ] INFO  LogicChainTest         - The following 1 profile is active: "dev"
24-06-25.22:53:39.396 [main            ] INFO  RepositoryConfigurationDelegate - Multiple Spring Data modules found, entering strict repository configuration mode
24-06-25.22:53:39.399 [main            ] INFO  RepositoryConfigurationDelegate - Bootstrapping Spring Data Redis repositories in DEFAULT mode.
24-06-25.22:53:39.421 [main            ] INFO  RepositoryConfigurationDelegate - Finished Spring Data repository scanning in 11 ms. Found 0 Redis repository interfaces.
24-06-25.22:53:40.710 [main            ] INFO  Version                - Redisson 3.23.4
24-06-25.22:53:41.320 [redisson-netty-2-4] INFO  MasterPubSubConnectionPool - 1 connections initialized for 127.0.0.1/127.0.0.1:16379
24-06-25.22:53:41.335 [redisson-netty-2-13] INFO  MasterConnectionPool   - 5 connections initialized for 127.0.0.1/127.0.0.1:16379
24-06-25.22:53:43.287 [main            ] INFO  EndpointLinksResolver  - Exposing 1 endpoint(s) beneath base path '/actuator'
24-06-25.22:53:43.375 [main            ] INFO  LogicChainTest         - Started LogicChainTest in 4.954 seconds (JVM running for 5.601)
24-06-25.22:53:44.019 [main            ] INFO  HikariDataSource       - HikariPool-1 - Starting...
24-06-25.22:53:44.272 [main            ] INFO  HikariDataSource       - HikariPool-1 - Start completed.
24-06-25.22:53:44.336 [main            ] INFO  LogicChainTest         - 测试结果：true
24-06-25.22:53:44.346 [main            ] INFO  LogicChainTest         - 测试结果：true
24-06-25.22:53:44.357 [main            ] INFO  LogicChainTest         - 测试结果：true
24-06-25.22:53:44.363 [main            ] INFO  RuleWeightLogicChain   - 抽奖责任链-权重开始 userId: xiaofuge strategyId: 100001 ruleModel: rule_weight
24-06-25.22:53:44.389 [main            ] INFO  RuleWeightLogicChain   - 抽奖责任链-权重接管 userId: xiaofuge strategyId: 100001 ruleModel: rule_weight awardId: 105
24-06-25.22:53:44.389 [main            ] INFO  LogicChainTest         - 测试结果：105
24-06-25.22:53:44.419 [SpringApplicationShutdownHook] INFO  HikariDataSource       - HikariPool-1 - Shutdown initiated...
24-06-25.22:53:44.430 [SpringApplicationShutdownHook] INFO  HikariDataSource       - HikariPool-1 - Shutdown completed.
24-06-25.22:53:57.805 [main            ] INFO  LogicChainTest         - Starting LogicChainTest using Java 1.8.0_412 on Eternally6 with PID 28360 (started by panji in D:\Code\java_workspace\magic-lottery\magic-lottery-app)
24-06-25.22:53:57.807 [main            ] INFO  LogicChainTest         - The following 1 profile is active: "dev"
24-06-25.22:53:58.448 [main            ] INFO  RepositoryConfigurationDelegate - Multiple Spring Data modules found, entering strict repository configuration mode
24-06-25.22:53:58.452 [main            ] INFO  RepositoryConfigurationDelegate - Bootstrapping Spring Data Redis repositories in DEFAULT mode.
24-06-25.22:53:58.476 [main            ] INFO  RepositoryConfigurationDelegate - Finished Spring Data repository scanning in 13 ms. Found 0 Redis repository interfaces.
24-06-25.22:53:59.765 [main            ] INFO  Version                - Redisson 3.23.4
24-06-25.22:54:00.385 [redisson-netty-2-4] INFO  MasterPubSubConnectionPool - 1 connections initialized for 127.0.0.1/127.0.0.1:16379
24-06-25.22:54:00.408 [redisson-netty-2-13] INFO  MasterConnectionPool   - 5 connections initialized for 127.0.0.1/127.0.0.1:16379
24-06-25.22:54:02.251 [main            ] INFO  EndpointLinksResolver  - Exposing 1 endpoint(s) beneath base path '/actuator'
24-06-25.22:54:02.328 [main            ] INFO  LogicChainTest         - Started LogicChainTest in 4.869 seconds (JVM running for 5.545)
24-06-25.22:54:02.872 [main            ] INFO  HikariDataSource       - HikariPool-1 - Starting...
24-06-25.22:54:03.113 [main            ] INFO  HikariDataSource       - HikariPool-1 - Start completed.
24-06-25.22:54:03.172 [main            ] INFO  LogicChainTest         - 测试结果：true
24-06-25.22:54:03.185 [main            ] INFO  LogicChainTest         - 测试结果：true
24-06-25.22:54:03.194 [main            ] INFO  LogicChainTest         - 测试结果：true
24-06-25.22:54:03.199 [main            ] INFO  RuleWeightLogicChain   - 抽奖责任链-权重开始 userId: xiaofuge strategyId: 100001 ruleModel: rule_weight
24-06-25.22:54:03.220 [main            ] INFO  RuleWeightLogicChain   - 抽奖责任链-权重放行 userId: xiaofuge strategyId: 100001 ruleModel: rule_weight
24-06-25.22:54:03.221 [main            ] INFO  BlackListLogicChain    - 抽奖责任链-黑名单开始 userId: xiaofuge strategyId: 100001 ruleModel: rule_blacklist
24-06-25.22:54:03.223 [main            ] INFO  BlackListLogicChain    - 抽奖责任链-黑名单放行 userId: xiaofuge strategyId: 100001 ruleModel: rule_blacklist
24-06-25.22:54:03.226 [main            ] INFO  DefaultLogicChain      - 抽奖责任链-默认处理 userId: xiaofuge strategyId: 100001 ruleModel: default awardId: 101
24-06-25.22:54:03.227 [main            ] INFO  LogicChainTest         - 测试结果：101
24-06-25.22:54:03.257 [SpringApplicationShutdownHook] INFO  HikariDataSource       - HikariPool-1 - Shutdown initiated...
24-06-25.22:54:03.268 [SpringApplicationShutdownHook] INFO  HikariDataSource       - HikariPool-1 - Shutdown completed.
24-06-25.23:00:58.842 [main            ] INFO  LogicChainTest         - Starting LogicChainTest using Java 1.8.0_412 on Eternally6 with PID 31904 (started by panji in D:\Code\java_workspace\magic-lottery\magic-lottery-app)
24-06-25.23:00:58.843 [main            ] INFO  LogicChainTest         - The following 1 profile is active: "dev"
24-06-25.23:00:59.507 [main            ] INFO  RepositoryConfigurationDelegate - Multiple Spring Data modules found, entering strict repository configuration mode
24-06-25.23:00:59.509 [main            ] INFO  RepositoryConfigurationDelegate - Bootstrapping Spring Data Redis repositories in DEFAULT mode.
24-06-25.23:00:59.531 [main            ] INFO  RepositoryConfigurationDelegate - Finished Spring Data repository scanning in 11 ms. Found 0 Redis repository interfaces.
24-06-25.23:01:00.825 [main            ] INFO  Version                - Redisson 3.23.4
24-06-25.23:01:01.409 [redisson-netty-2-4] INFO  MasterPubSubConnectionPool - 1 connections initialized for 127.0.0.1/127.0.0.1:16379
24-06-25.23:01:01.429 [redisson-netty-2-13] INFO  MasterConnectionPool   - 5 connections initialized for 127.0.0.1/127.0.0.1:16379
24-06-25.23:01:03.193 [main            ] INFO  EndpointLinksResolver  - Exposing 1 endpoint(s) beneath base path '/actuator'
24-06-25.23:01:03.268 [main            ] INFO  LogicChainTest         - Started LogicChainTest in 4.765 seconds (JVM running for 5.384)
24-06-25.23:01:03.907 [main            ] INFO  HikariDataSource       - HikariPool-1 - Starting...
24-06-25.23:01:04.167 [main            ] INFO  HikariDataSource       - HikariPool-1 - Start completed.
24-06-25.23:01:04.231 [main            ] INFO  LogicChainTest         - 测试结果：true
24-06-25.23:01:04.240 [main            ] INFO  LogicChainTest         - 测试结果：true
24-06-25.23:01:04.247 [main            ] INFO  LogicChainTest         - 测试结果：true
24-06-25.23:01:04.254 [main            ] INFO  DefaultLogicChain      - 抽奖责任链-默认处理 userId: user001 strategyId: 100001 ruleModel: default awardId: 106
24-06-25.23:01:04.255 [main            ] INFO  LogicChainTest         - 测试结果：106
24-06-25.23:01:04.286 [SpringApplicationShutdownHook] INFO  HikariDataSource       - HikariPool-1 - Shutdown initiated...
24-06-25.23:01:04.305 [SpringApplicationShutdownHook] INFO  HikariDataSource       - HikariPool-1 - Shutdown completed.
24-06-25.23:01:33.632 [main            ] INFO  LogicChainTest         - Starting LogicChainTest using Java 1.8.0_412 on Eternally6 with PID 29332 (started by panji in D:\Code\java_workspace\magic-lottery\magic-lottery-app)
24-06-25.23:01:33.633 [main            ] INFO  LogicChainTest         - The following 1 profile is active: "dev"
24-06-25.23:01:34.294 [main            ] INFO  RepositoryConfigurationDelegate - Multiple Spring Data modules found, entering strict repository configuration mode
24-06-25.23:01:34.297 [main            ] INFO  RepositoryConfigurationDelegate - Bootstrapping Spring Data Redis repositories in DEFAULT mode.
24-06-25.23:01:34.325 [main            ] INFO  RepositoryConfigurationDelegate - Finished Spring Data repository scanning in 17 ms. Found 0 Redis repository interfaces.
24-06-25.23:01:35.579 [main            ] INFO  Version                - Redisson 3.23.4
24-06-25.23:01:36.148 [redisson-netty-2-4] INFO  MasterPubSubConnectionPool - 1 connections initialized for 127.0.0.1/127.0.0.1:16379
24-06-25.23:01:36.167 [redisson-netty-2-13] INFO  MasterConnectionPool   - 5 connections initialized for 127.0.0.1/127.0.0.1:16379
24-06-25.23:01:37.848 [main            ] INFO  EndpointLinksResolver  - Exposing 1 endpoint(s) beneath base path '/actuator'
24-06-25.23:01:37.920 [main            ] INFO  LogicChainTest         - Started LogicChainTest in 4.605 seconds (JVM running for 5.237)
24-06-25.23:01:38.549 [main            ] INFO  HikariDataSource       - HikariPool-1 - Starting...
24-06-25.23:01:38.821 [main            ] INFO  HikariDataSource       - HikariPool-1 - Start completed.
24-06-25.23:01:38.881 [main            ] INFO  LogicChainTest         - 测试结果：true
24-06-25.23:01:38.889 [main            ] INFO  LogicChainTest         - 测试结果：true
24-06-25.23:01:38.895 [main            ] INFO  LogicChainTest         - 测试结果：true
24-06-25.23:01:38.899 [main            ] INFO  RuleWeightLogicChain   - 抽奖责任链-权重开始 userId: user001 strategyId: 100001 ruleModel: rule_weight
24-06-25.23:01:38.918 [main            ] INFO  RuleWeightLogicChain   - 抽奖责任链-权重放行 userId: user001 strategyId: 100001 ruleModel: rule_weight
24-06-25.23:01:38.918 [main            ] INFO  BlackListLogicChain    - 抽奖责任链-黑名单开始 userId: user001 strategyId: 100001 ruleModel: rule_blacklist
24-06-25.23:01:38.920 [main            ] INFO  BlackListLogicChain    - 抽奖责任链-黑名单接管 userId: user001 strategyId: 100001 ruleModel: rule_blacklist awardId: 100
24-06-25.23:01:38.920 [main            ] INFO  LogicChainTest         - 测试结果：100
24-06-25.23:01:38.953 [SpringApplicationShutdownHook] INFO  HikariDataSource       - HikariPool-1 - Shutdown initiated...
24-06-25.23:01:38.969 [SpringApplicationShutdownHook] INFO  HikariDataSource       - HikariPool-1 - Shutdown completed.
24-06-25.23:38:16.473 [main            ] INFO  LogicChainTest         - Starting LogicChainTest using Java 1.8.0_412 on Eternally6 with PID 13572 (started by panji in D:\Code\java_workspace\magic-lottery\magic-lottery-app)
24-06-25.23:38:16.473 [main            ] INFO  LogicChainTest         - The following 1 profile is active: "dev"
24-06-25.23:38:17.542 [main            ] INFO  RepositoryConfigurationDelegate - Multiple Spring Data modules found, entering strict repository configuration mode
24-06-25.23:38:17.545 [main            ] INFO  RepositoryConfigurationDelegate - Bootstrapping Spring Data Redis repositories in DEFAULT mode.
24-06-25.23:38:17.576 [main            ] INFO  RepositoryConfigurationDelegate - Finished Spring Data repository scanning in 13 ms. Found 0 Redis repository interfaces.
24-06-25.23:38:19.126 [main            ] INFO  Version                - Redisson 3.23.4
24-06-25.23:38:19.764 [redisson-netty-2-4] INFO  MasterPubSubConnectionPool - 1 connections initialized for 127.0.0.1/127.0.0.1:16379
24-06-25.23:38:19.782 [redisson-netty-2-13] INFO  MasterConnectionPool   - 5 connections initialized for 127.0.0.1/127.0.0.1:16379
24-06-25.23:38:21.767 [main            ] INFO  EndpointLinksResolver  - Exposing 1 endpoint(s) beneath base path '/actuator'
24-06-25.23:38:21.847 [main            ] INFO  LogicChainTest         - Started LogicChainTest in 5.78 seconds (JVM running for 10.765)
24-06-25.23:38:22.461 [main            ] INFO  HikariDataSource       - HikariPool-1 - Starting...
24-06-25.23:38:23.118 [main            ] INFO  HikariDataSource       - HikariPool-1 - Start completed.
24-06-25.23:38:23.180 [main            ] INFO  LogicChainTest         - 测试结果：true
24-06-25.23:38:23.188 [main            ] INFO  LogicChainTest         - 测试结果：true
24-06-25.23:38:23.195 [main            ] INFO  LogicChainTest         - 测试结果：true
24-06-25.23:38:23.199 [main            ] INFO  RuleWeightLogicChain   - 抽奖责任链-权重开始 userId: user001 strategyId: 100001 ruleModel: rule_weight
24-06-25.23:38:23.218 [main            ] INFO  RuleWeightLogicChain   - 抽奖责任链-权重放行 userId: user001 strategyId: 100001 ruleModel: rule_weight
24-06-25.23:38:23.218 [main            ] INFO  BlackListLogicChain    - 抽奖责任链-黑名单开始 userId: user001 strategyId: 100001 ruleModel: rule_blacklist
24-06-25.23:38:23.221 [main            ] INFO  BlackListLogicChain    - 抽奖责任链-黑名单接管 userId: user001 strategyId: 100001 ruleModel: rule_blacklist awardId: 100
24-06-25.23:38:23.221 [main            ] INFO  LogicChainTest         - 测试结果：100
24-06-25.23:38:23.263 [SpringApplicationShutdownHook] INFO  HikariDataSource       - HikariPool-1 - Shutdown initiated...
24-06-25.23:38:23.268 [SpringApplicationShutdownHook] INFO  HikariDataSource       - HikariPool-1 - Shutdown completed.
24-06-25.23:38:51.636 [main            ] INFO  LogicChainTest         - Starting LogicChainTest using Java 1.8.0_412 on Eternally6 with PID 14724 (started by panji in D:\Code\java_workspace\magic-lottery\magic-lottery-app)
24-06-25.23:38:51.646 [main            ] INFO  LogicChainTest         - The following 1 profile is active: "dev"
24-06-25.23:38:52.327 [main            ] INFO  RepositoryConfigurationDelegate - Multiple Spring Data modules found, entering strict repository configuration mode
24-06-25.23:38:52.329 [main            ] INFO  RepositoryConfigurationDelegate - Bootstrapping Spring Data Redis repositories in DEFAULT mode.
24-06-25.23:38:52.367 [main            ] INFO  RepositoryConfigurationDelegate - Finished Spring Data repository scanning in 26 ms. Found 0 Redis repository interfaces.
24-06-25.23:38:53.656 [main            ] INFO  Version                - Redisson 3.23.4
24-06-25.23:38:54.250 [redisson-netty-2-4] INFO  MasterPubSubConnectionPool - 1 connections initialized for 127.0.0.1/127.0.0.1:16379
24-06-25.23:38:54.267 [redisson-netty-2-13] INFO  MasterConnectionPool   - 5 connections initialized for 127.0.0.1/127.0.0.1:16379
24-06-25.23:38:56.138 [main            ] INFO  EndpointLinksResolver  - Exposing 1 endpoint(s) beneath base path '/actuator'
24-06-25.23:38:56.221 [main            ] INFO  LogicChainTest         - Started LogicChainTest in 4.93 seconds (JVM running for 5.582)
24-06-25.23:38:56.866 [main            ] INFO  HikariDataSource       - HikariPool-1 - Starting...
24-06-25.23:38:57.132 [main            ] INFO  HikariDataSource       - HikariPool-1 - Start completed.
24-06-25.23:38:57.218 [main            ] INFO  LogicChainTest         - 测试结果：true
24-06-25.23:38:57.231 [main            ] INFO  LogicChainTest         - 测试结果：true
24-06-25.23:38:57.242 [main            ] INFO  LogicChainTest         - 测试结果：true
24-06-25.23:38:57.247 [main            ] INFO  BlackListLogicChain    - 抽奖责任链-黑名单开始 userId: user001 strategyId: 100001 ruleModel: rule_blacklist
24-06-25.23:38:57.275 [main            ] INFO  BlackListLogicChain    - 抽奖责任链-黑名单接管 userId: user001 strategyId: 100001 ruleModel: rule_blacklist awardId: 100
24-06-25.23:38:57.275 [main            ] INFO  LogicChainTest         - 测试结果：100
24-06-25.23:38:57.313 [SpringApplicationShutdownHook] INFO  HikariDataSource       - HikariPool-1 - Shutdown initiated...
24-06-25.23:38:57.322 [SpringApplicationShutdownHook] INFO  HikariDataSource       - HikariPool-1 - Shutdown completed.
24-06-25.23:39:43.488 [main            ] INFO  LogicChainTest         - Starting LogicChainTest using Java 1.8.0_412 on Eternally6 with PID 16140 (started by panji in D:\Code\java_workspace\magic-lottery\magic-lottery-app)
24-06-25.23:39:43.489 [main            ] INFO  LogicChainTest         - The following 1 profile is active: "dev"
24-06-25.23:39:44.151 [main            ] INFO  RepositoryConfigurationDelegate - Multiple Spring Data modules found, entering strict repository configuration mode
24-06-25.23:39:44.153 [main            ] INFO  RepositoryConfigurationDelegate - Bootstrapping Spring Data Redis repositories in DEFAULT mode.
24-06-25.23:39:44.175 [main            ] INFO  RepositoryConfigurationDelegate - Finished Spring Data repository scanning in 11 ms. Found 0 Redis repository interfaces.
24-06-25.23:39:45.501 [main            ] INFO  Version                - Redisson 3.23.4
24-06-25.23:39:46.145 [redisson-netty-2-4] INFO  MasterPubSubConnectionPool - 1 connections initialized for 127.0.0.1/127.0.0.1:16379
24-06-25.23:39:46.160 [redisson-netty-2-13] INFO  MasterConnectionPool   - 5 connections initialized for 127.0.0.1/127.0.0.1:16379
24-06-25.23:39:47.996 [main            ] INFO  EndpointLinksResolver  - Exposing 1 endpoint(s) beneath base path '/actuator'
24-06-25.23:39:48.076 [main            ] INFO  LogicChainTest         - Started LogicChainTest in 4.928 seconds (JVM running for 5.562)
24-06-25.23:39:48.743 [main            ] INFO  HikariDataSource       - HikariPool-1 - Starting...
24-06-25.23:39:48.987 [main            ] INFO  HikariDataSource       - HikariPool-1 - Start completed.
24-06-25.23:39:49.048 [main            ] INFO  LogicChainTest         - 测试结果：true
24-06-25.23:39:49.063 [main            ] INFO  LogicChainTest         - 测试结果：true
24-06-25.23:39:49.073 [main            ] INFO  LogicChainTest         - 测试结果：true
24-06-25.23:39:49.078 [main            ] INFO  BlackListLogicChain    - 抽奖责任链-黑名单开始 userId: xiaofuge strategyId: 100001 ruleModel: rule_blacklist
24-06-25.23:39:49.100 [main            ] INFO  BlackListLogicChain    - 抽奖责任链-黑名单放行 userId: xiaofuge strategyId: 100001 ruleModel: rule_blacklist
24-06-25.23:39:49.100 [main            ] INFO  RuleWeightLogicChain   - 抽奖责任链-权重开始 userId: xiaofuge strategyId: 100001 ruleModel: rule_weight
24-06-25.23:39:49.109 [main            ] INFO  RuleWeightLogicChain   - 抽奖责任链-权重接管 userId: xiaofuge strategyId: 100001 ruleModel: rule_weight awardId: 103
24-06-25.23:39:49.109 [main            ] INFO  LogicChainTest         - 测试结果：103
24-06-25.23:39:49.152 [SpringApplicationShutdownHook] INFO  HikariDataSource       - HikariPool-1 - Shutdown initiated...
24-06-25.23:39:49.178 [SpringApplicationShutdownHook] INFO  HikariDataSource       - HikariPool-1 - Shutdown completed.
24-06-25.23:40:44.527 [main            ] INFO  LogicChainTest         - Starting LogicChainTest using Java 1.8.0_412 on Eternally6 with PID 21668 (started by panji in D:\Code\java_workspace\magic-lottery\magic-lottery-app)
24-06-25.23:40:44.528 [main            ] INFO  LogicChainTest         - The following 1 profile is active: "dev"
24-06-25.23:40:45.193 [main            ] INFO  RepositoryConfigurationDelegate - Multiple Spring Data modules found, entering strict repository configuration mode
24-06-25.23:40:45.196 [main            ] INFO  RepositoryConfigurationDelegate - Bootstrapping Spring Data Redis repositories in DEFAULT mode.
24-06-25.23:40:45.227 [main            ] INFO  RepositoryConfigurationDelegate - Finished Spring Data repository scanning in 11 ms. Found 0 Redis repository interfaces.
24-06-25.23:40:46.502 [main            ] INFO  Version                - Redisson 3.23.4
24-06-25.23:40:47.093 [redisson-netty-2-4] INFO  MasterPubSubConnectionPool - 1 connections initialized for 127.0.0.1/127.0.0.1:16379
24-06-25.23:40:47.108 [redisson-netty-2-13] INFO  MasterConnectionPool   - 5 connections initialized for 127.0.0.1/127.0.0.1:16379
24-06-25.23:40:49.016 [main            ] INFO  EndpointLinksResolver  - Exposing 1 endpoint(s) beneath base path '/actuator'
24-06-25.23:40:49.093 [main            ] INFO  LogicChainTest         - Started LogicChainTest in 4.9 seconds (JVM running for 5.55)
24-06-25.23:40:49.795 [main            ] INFO  HikariDataSource       - HikariPool-1 - Starting...
24-06-25.23:40:50.080 [main            ] INFO  HikariDataSource       - HikariPool-1 - Start completed.
24-06-25.23:40:50.145 [main            ] INFO  LogicChainTest         - 测试结果：true
24-06-25.23:40:50.153 [main            ] INFO  LogicChainTest         - 测试结果：true
24-06-25.23:40:50.160 [main            ] INFO  LogicChainTest         - 测试结果：true
24-06-25.23:40:50.163 [main            ] INFO  BlackListLogicChain    - 抽奖责任链-黑名单开始 userId: xiaofuge strategyId: 100001 ruleModel: rule_blacklist
24-06-25.23:40:50.181 [main            ] INFO  BlackListLogicChain    - 抽奖责任链-黑名单放行 userId: xiaofuge strategyId: 100001 ruleModel: rule_blacklist
24-06-25.23:40:50.182 [main            ] INFO  RuleWeightLogicChain   - 抽奖责任链-权重开始 userId: xiaofuge strategyId: 100001 ruleModel: rule_weight
24-06-25.23:40:50.184 [main            ] INFO  RuleWeightLogicChain   - 抽奖责任链-权重放行 userId: xiaofuge strategyId: 100001 ruleModel: rule_weight
24-06-25.23:40:50.187 [main            ] INFO  DefaultLogicChain      - 抽奖责任链-默认处理 userId: xiaofuge strategyId: 100001 ruleModel: default awardId: 101
24-06-25.23:40:50.187 [main            ] INFO  LogicChainTest         - 测试结果：101
24-06-25.23:40:50.222 [SpringApplicationShutdownHook] INFO  HikariDataSource       - HikariPool-1 - Shutdown initiated...
24-06-25.23:40:50.230 [SpringApplicationShutdownHook] INFO  HikariDataSource       - HikariPool-1 - Shutdown completed.
24-06-25.23:41:15.971 [main            ] INFO  LogicChainTest         - Starting LogicChainTest using Java 1.8.0_412 on Eternally6 with PID 31556 (started by panji in D:\Code\java_workspace\magic-lottery\magic-lottery-app)
24-06-25.23:41:15.971 [main            ] INFO  LogicChainTest         - The following 1 profile is active: "dev"
24-06-25.23:41:16.619 [main            ] INFO  RepositoryConfigurationDelegate - Multiple Spring Data modules found, entering strict repository configuration mode
24-06-25.23:41:16.622 [main            ] INFO  RepositoryConfigurationDelegate - Bootstrapping Spring Data Redis repositories in DEFAULT mode.
24-06-25.23:41:16.655 [main            ] INFO  RepositoryConfigurationDelegate - Finished Spring Data repository scanning in 13 ms. Found 0 Redis repository interfaces.
24-06-25.23:41:17.940 [main            ] INFO  Version                - Redisson 3.23.4
24-06-25.23:41:18.498 [redisson-netty-2-4] INFO  MasterPubSubConnectionPool - 1 connections initialized for 127.0.0.1/127.0.0.1:16379
24-06-25.23:41:18.519 [redisson-netty-2-13] INFO  MasterConnectionPool   - 5 connections initialized for 127.0.0.1/127.0.0.1:16379
24-06-25.23:41:20.459 [main            ] INFO  EndpointLinksResolver  - Exposing 1 endpoint(s) beneath base path '/actuator'
24-06-25.23:41:20.535 [main            ] INFO  LogicChainTest         - Started LogicChainTest in 4.901 seconds (JVM running for 5.546)
24-06-25.23:41:21.143 [main            ] INFO  HikariDataSource       - HikariPool-1 - Starting...
24-06-25.23:41:21.402 [main            ] INFO  HikariDataSource       - HikariPool-1 - Start completed.
24-06-25.23:41:21.468 [main            ] INFO  LogicChainTest         - 测试结果：true
24-06-25.23:41:21.472 [main            ] INFO  LogicChainTest         - 测试结果：true
24-06-25.23:41:21.477 [main            ] INFO  LogicChainTest         - 测试结果：true
24-06-25.23:41:21.482 [main            ] INFO  BlackListLogicChain    - 抽奖责任链-黑名单开始 userId: xiaofuge strategyId: 100001 ruleModel: rule_blacklist
24-06-25.23:41:21.500 [main            ] INFO  BlackListLogicChain    - 抽奖责任链-黑名单放行 userId: xiaofuge strategyId: 100001 ruleModel: rule_blacklist
24-06-25.23:41:21.500 [main            ] INFO  RuleWeightLogicChain   - 抽奖责任链-权重开始 userId: xiaofuge strategyId: 100001 ruleModel: rule_weight
24-06-25.23:41:21.506 [main            ] INFO  RuleWeightLogicChain   - 抽奖责任链-权重接管 userId: xiaofuge strategyId: 100001 ruleModel: rule_weight awardId: 103
24-06-25.23:41:21.506 [main            ] INFO  LogicChainTest         - 测试结果：103
24-06-25.23:41:21.540 [SpringApplicationShutdownHook] INFO  HikariDataSource       - HikariPool-1 - Shutdown initiated...
24-06-25.23:41:21.545 [SpringApplicationShutdownHook] INFO  HikariDataSource       - HikariPool-1 - Shutdown completed.
24-06-25.23:44:37.859 [main            ] INFO  LogicChainTest         - Starting LogicChainTest using Java 1.8.0_412 on Eternally6 with PID 9412 (started by panji in D:\Code\java_workspace\magic-lottery\magic-lottery-app)
24-06-25.23:44:37.882 [main            ] INFO  LogicChainTest         - The following 1 profile is active: "dev"
24-06-25.23:44:38.614 [main            ] INFO  RepositoryConfigurationDelegate - Multiple Spring Data modules found, entering strict repository configuration mode
24-06-25.23:44:38.617 [main            ] INFO  RepositoryConfigurationDelegate - Bootstrapping Spring Data Redis repositories in DEFAULT mode.
24-06-25.23:44:38.641 [main            ] INFO  RepositoryConfigurationDelegate - Finished Spring Data repository scanning in 12 ms. Found 0 Redis repository interfaces.
24-06-25.23:44:39.999 [main            ] INFO  Version                - Redisson 3.23.4
24-06-25.23:44:40.601 [redisson-netty-2-5] INFO  MasterPubSubConnectionPool - 1 connections initialized for 127.0.0.1/127.0.0.1:16379
24-06-25.23:44:40.615 [redisson-netty-2-13] INFO  MasterConnectionPool   - 5 connections initialized for 127.0.0.1/127.0.0.1:16379
24-06-25.23:44:42.508 [main            ] INFO  EndpointLinksResolver  - Exposing 1 endpoint(s) beneath base path '/actuator'
24-06-25.23:44:42.592 [main            ] INFO  LogicChainTest         - Started LogicChainTest in 5.12 seconds (JVM running for 5.816)
24-06-25.23:44:43.275 [main            ] INFO  HikariDataSource       - HikariPool-1 - Starting...
24-06-25.23:44:43.543 [main            ] INFO  HikariDataSource       - HikariPool-1 - Start completed.
24-06-25.23:44:43.612 [main            ] INFO  LogicChainTest         - 测试结果：true
24-06-25.23:44:43.622 [main            ] INFO  LogicChainTest         - 测试结果：true
24-06-25.23:44:43.632 [main            ] INFO  LogicChainTest         - 测试结果：true
24-06-25.23:44:43.638 [main            ] INFO  BlackListLogicChain    - 抽奖责任链-黑名单开始 userId: xiaofuge strategyId: 100001 ruleModel: rule_blacklist
24-06-25.23:44:43.661 [main            ] INFO  BlackListLogicChain    - 抽奖责任链-黑名单放行 userId: xiaofuge strategyId: 100001 ruleModel: rule_blacklist
24-06-25.23:44:43.661 [main            ] INFO  RuleWeightLogicChain   - 抽奖责任链-权重开始 userId: xiaofuge strategyId: 100001 ruleModel: rule_weight
24-06-25.23:44:43.667 [main            ] INFO  RuleWeightLogicChain   - 抽奖责任链-权重接管 userId: xiaofuge strategyId: 100001 ruleModel: rule_weight awardId: 102
24-06-25.23:44:43.667 [main            ] INFO  LogicChainTest         - 测试结果：102
24-06-25.23:44:43.696 [SpringApplicationShutdownHook] INFO  HikariDataSource       - HikariPool-1 - Shutdown initiated...
24-06-25.23:44:43.713 [SpringApplicationShutdownHook] INFO  HikariDataSource       - HikariPool-1 - Shutdown completed.
24-06-25.23:45:20.463 [main            ] INFO  RaffleStrategyTest     - Starting RaffleStrategyTest using Java 1.8.0_412 on Eternally6 with PID 20400 (started by panji in D:\Code\java_workspace\magic-lottery\magic-lottery-app)
24-06-25.23:45:20.464 [main            ] INFO  RaffleStrategyTest     - The following 1 profile is active: "dev"
24-06-25.23:45:21.111 [main            ] INFO  RepositoryConfigurationDelegate - Multiple Spring Data modules found, entering strict repository configuration mode
24-06-25.23:45:21.114 [main            ] INFO  RepositoryConfigurationDelegate - Bootstrapping Spring Data Redis repositories in DEFAULT mode.
24-06-25.23:45:21.142 [main            ] INFO  RepositoryConfigurationDelegate - Finished Spring Data repository scanning in 16 ms. Found 0 Redis repository interfaces.
24-06-25.23:45:22.498 [main            ] INFO  Version                - Redisson 3.23.4
24-06-25.23:45:23.074 [redisson-netty-2-4] INFO  MasterPubSubConnectionPool - 1 connections initialized for 127.0.0.1/127.0.0.1:16379
24-06-25.23:45:23.088 [redisson-netty-2-13] INFO  MasterConnectionPool   - 5 connections initialized for 127.0.0.1/127.0.0.1:16379
24-06-25.23:45:24.815 [main            ] INFO  EndpointLinksResolver  - Exposing 1 endpoint(s) beneath base path '/actuator'
24-06-25.23:45:24.891 [main            ] INFO  RaffleStrategyTest     - Started RaffleStrategyTest in 4.764 seconds (JVM running for 5.408)
24-06-25.23:45:25.515 [main            ] INFO  HikariDataSource       - HikariPool-1 - Starting...
24-06-25.23:45:25.773 [main            ] INFO  HikariDataSource       - HikariPool-1 - Start completed.
24-06-25.23:45:25.832 [main            ] INFO  RaffleStrategyTest     - 测试结果：true
24-06-25.23:45:25.842 [main            ] INFO  RaffleStrategyTest     - 测试结果：true
24-06-25.23:45:25.852 [main            ] INFO  RaffleStrategyTest     - 测试结果：true
24-06-25.23:45:25.860 [main            ] INFO  DefaultLogicChain      - 抽奖责任链-默认处理 userId: panjl strategyId: 100003 ruleModel: default awardId: 107
24-06-25.23:45:25.865 [main            ] INFO  RuleLockLogicFilter    - 规则过滤-次数锁 userId:panjl strategyId:100003 ruleModel:rule_lock
24-06-25.23:45:25.882 [main            ] INFO  DefaultRaffleStrategy  - 抽奖中规则过滤 userId: panjl ruleModel: rule_lock code: 0000 info: 放行；执行后续的流程，不受规则引擎影响
24-06-25.23:45:26.073 [main            ] INFO  RaffleStrategyTest     - 请求参数：{"strategyId":100003,"userId":"panjl"}
24-06-25.23:45:26.077 [main            ] INFO  RaffleStrategyTest     - 测试结果：{"awardId":107}
24-06-25.23:45:26.105 [SpringApplicationShutdownHook] INFO  HikariDataSource       - HikariPool-1 - Shutdown initiated...
24-06-25.23:45:26.120 [SpringApplicationShutdownHook] INFO  HikariDataSource       - HikariPool-1 - Shutdown completed.
24-06-25.23:45:48.637 [main            ] INFO  LogicChainTest         - Starting LogicChainTest using Java 1.8.0_412 on Eternally6 with PID 19464 (started by panji in D:\Code\java_workspace\magic-lottery\magic-lottery-app)
24-06-25.23:45:48.637 [main            ] INFO  LogicChainTest         - The following 1 profile is active: "dev"
24-06-25.23:45:49.296 [main            ] INFO  RepositoryConfigurationDelegate - Multiple Spring Data modules found, entering strict repository configuration mode
24-06-25.23:45:49.299 [main            ] INFO  RepositoryConfigurationDelegate - Bootstrapping Spring Data Redis repositories in DEFAULT mode.
24-06-25.23:45:49.331 [main            ] INFO  RepositoryConfigurationDelegate - Finished Spring Data repository scanning in 12 ms. Found 0 Redis repository interfaces.
24-06-25.23:45:50.667 [main            ] INFO  Version                - Redisson 3.23.4
24-06-25.23:45:51.235 [redisson-netty-2-4] INFO  MasterPubSubConnectionPool - 1 connections initialized for 127.0.0.1/127.0.0.1:16379
24-06-25.23:45:51.252 [redisson-netty-2-13] INFO  MasterConnectionPool   - 5 connections initialized for 127.0.0.1/127.0.0.1:16379
24-06-25.23:45:53.038 [main            ] INFO  EndpointLinksResolver  - Exposing 1 endpoint(s) beneath base path '/actuator'
24-06-25.23:45:53.116 [main            ] INFO  LogicChainTest         - Started LogicChainTest in 4.813 seconds (JVM running for 5.447)
24-06-25.23:45:53.740 [main            ] INFO  HikariDataSource       - HikariPool-1 - Starting...
24-06-25.23:45:54.011 [main            ] INFO  HikariDataSource       - HikariPool-1 - Start completed.
24-06-25.23:45:54.078 [main            ] INFO  LogicChainTest         - 测试结果：true
24-06-25.23:45:54.087 [main            ] INFO  LogicChainTest         - 测试结果：true
24-06-25.23:45:54.094 [main            ] INFO  LogicChainTest         - 测试结果：true
24-06-25.23:45:54.097 [main            ] INFO  BlackListLogicChain    - 抽奖责任链-黑名单开始 userId: xiaofuge strategyId: 100001 ruleModel: rule_blacklist
24-06-25.23:45:54.115 [main            ] INFO  BlackListLogicChain    - 抽奖责任链-黑名单放行 userId: xiaofuge strategyId: 100001 ruleModel: rule_blacklist
24-06-25.23:45:54.115 [main            ] INFO  RuleWeightLogicChain   - 抽奖责任链-权重开始 userId: xiaofuge strategyId: 100001 ruleModel: rule_weight
24-06-25.23:45:54.127 [main            ] INFO  RuleWeightLogicChain   - 抽奖责任链-权重放行 userId: xiaofuge strategyId: 100001 ruleModel: rule_weight
24-06-25.23:45:54.131 [main            ] INFO  DefaultLogicChain      - 抽奖责任链-默认处理 userId: xiaofuge strategyId: 100001 ruleModel: default awardId: 105
24-06-25.23:45:54.131 [main            ] INFO  LogicChainTest         - 测试结果：105
24-06-25.23:45:54.168 [SpringApplicationShutdownHook] INFO  HikariDataSource       - HikariPool-1 - Shutdown initiated...
24-06-25.23:45:54.185 [SpringApplicationShutdownHook] INFO  HikariDataSource       - HikariPool-1 - Shutdown completed.
24-06-26.22:53:19.888 [main            ] INFO  ApiTest                - Starting ApiTest using Java 1.8.0_412 on Eternally6 with PID 3180 (started by panji in D:\Code\java_workspace\magic-lottery\magic-lottery-app)
24-06-26.22:53:19.888 [main            ] INFO  ApiTest                - The following 1 profile is active: "dev"
24-06-26.22:53:20.732 [main            ] INFO  RepositoryConfigurationDelegate - Multiple Spring Data modules found, entering strict repository configuration mode
24-06-26.22:53:20.732 [main            ] INFO  RepositoryConfigurationDelegate - Bootstrapping Spring Data Redis repositories in DEFAULT mode.
24-06-26.22:53:20.779 [main            ] INFO  RepositoryConfigurationDelegate - Finished Spring Data repository scanning in 21 ms. Found 0 Redis repository interfaces.
24-06-26.22:53:22.170 [main            ] INFO  Version                - Redisson 3.23.4
24-06-26.22:53:33.887 [main            ] WARN  GenericWebApplicationContext - Exception encountered during context initialization - cancelling refresh attempt: org.springframework.beans.factory.BeanCreationException: Error creating bean with name 'strategyArmoryDispatch': Injection of resource dependencies failed; nested exception is org.springframework.beans.factory.BeanCreationException: Error creating bean with name 'strategyRepository': Injection of resource dependencies failed; nested exception is org.springframework.beans.factory.BeanCreationException: Error creating bean with name 'redissonService': Injection of resource dependencies failed; nested exception is org.springframework.beans.factory.BeanCreationException: Error creating bean with name 'redissonClient' defined in class path resource [cn/pan/config/RedisClientConfig.class]: Bean instantiation via factory method failed; nested exception is org.springframework.beans.BeanInstantiationException: Failed to instantiate [org.redisson.api.RedissonClient]: Factory method 'redissonClient' threw exception; nested exception is org.redisson.client.RedisConnectionException: Unable to connect to Redis server: 127.0.0.1/127.0.0.1:16379
24-06-26.22:53:33.901 [main            ] INFO  ConditionEvaluationReportLoggingListener - 

Error starting ApplicationContext. To display the conditions report re-run your application with 'debug' enabled.
24-06-26.22:53:33.925 [main            ] ERROR SpringApplication      - Application run failed
org.springframework.beans.factory.BeanCreationException: Error creating bean with name 'strategyArmoryDispatch': Injection of resource dependencies failed; nested exception is org.springframework.beans.factory.BeanCreationException: Error creating bean with name 'strategyRepository': Injection of resource dependencies failed; nested exception is org.springframework.beans.factory.BeanCreationException: Error creating bean with name 'redissonService': Injection of resource dependencies failed; nested exception is org.springframework.beans.factory.BeanCreationException: Error creating bean with name 'redissonClient' defined in class path resource [cn/pan/config/RedisClientConfig.class]: Bean instantiation via factory method failed; nested exception is org.springframework.beans.BeanInstantiationException: Failed to instantiate [org.redisson.api.RedissonClient]: Factory method 'redissonClient' threw exception; nested exception is org.redisson.client.RedisConnectionException: Unable to connect to Redis server: 127.0.0.1/127.0.0.1:16379
	at org.springframework.context.annotation.CommonAnnotationBeanPostProcessor.postProcessProperties(CommonAnnotationBeanPostProcessor.java:332)
	at org.springframework.beans.factory.support.AbstractAutowireCapableBeanFactory.populateBean(AbstractAutowireCapableBeanFactory.java:1431)
	at org.springframework.beans.factory.support.AbstractAutowireCapableBeanFactory.doCreateBean(AbstractAutowireCapableBeanFactory.java:619)
	at org.springframework.beans.factory.support.AbstractAutowireCapableBeanFactory.createBean(AbstractAutowireCapableBeanFactory.java:542)
	at org.springframework.beans.factory.support.AbstractBeanFactory.lambda$doGetBean$0(AbstractBeanFactory.java:335)
	at org.springframework.beans.factory.support.DefaultSingletonBeanRegistry.getSingleton(DefaultSingletonBeanRegistry.java:234)
	at org.springframework.beans.factory.support.AbstractBeanFactory.doGetBean(AbstractBeanFactory.java:333)
	at org.springframework.beans.factory.support.AbstractBeanFactory.getBean(AbstractBeanFactory.java:208)
	at org.springframework.beans.factory.support.DefaultListableBeanFactory.preInstantiateSingletons(DefaultListableBeanFactory.java:955)
	at org.springframework.context.support.AbstractApplicationContext.finishBeanFactoryInitialization(AbstractApplicationContext.java:920)
	at org.springframework.context.support.AbstractApplicationContext.refresh(AbstractApplicationContext.java:583)
	at org.springframework.boot.SpringApplication.refresh(SpringApplication.java:731)
	at org.springframework.boot.SpringApplication.refreshContext(SpringApplication.java:408)
	at org.springframework.boot.SpringApplication.run(SpringApplication.java:307)
	at org.springframework.boot.test.context.SpringBootContextLoader.loadContext(SpringBootContextLoader.java:136)
	at org.springframework.test.context.cache.DefaultCacheAwareContextLoaderDelegate.loadContextInternal(DefaultCacheAwareContextLoaderDelegate.java:141)
	at org.springframework.test.context.cache.DefaultCacheAwareContextLoaderDelegate.loadContext(DefaultCacheAwareContextLoaderDelegate.java:90)
	at org.springframework.test.context.support.DefaultTestContext.getApplicationContext(DefaultTestContext.java:124)
	at org.springframework.test.context.web.ServletTestExecutionListener.setUpRequestContextIfNecessary(ServletTestExecutionListener.java:190)
	at org.springframework.test.context.web.ServletTestExecutionListener.prepareTestInstance(ServletTestExecutionListener.java:132)
	at org.springframework.test.context.TestContextManager.prepareTestInstance(TestContextManager.java:248)
	at org.springframework.test.context.junit4.SpringJUnit4ClassRunner.createTest(SpringJUnit4ClassRunner.java:227)
	at org.springframework.test.context.junit4.SpringJUnit4ClassRunner$1.runReflectiveCall(SpringJUnit4ClassRunner.java:289)
	at org.junit.internal.runners.model.ReflectiveCallable.run(ReflectiveCallable.java:12)
	at org.springframework.test.context.junit4.SpringJUnit4ClassRunner.methodBlock(SpringJUnit4ClassRunner.java:291)
	at org.springframework.test.context.junit4.SpringJUnit4ClassRunner.runChild(SpringJUnit4ClassRunner.java:246)
	at org.springframework.test.context.junit4.SpringJUnit4ClassRunner.runChild(SpringJUnit4ClassRunner.java:97)
	at org.junit.runners.ParentRunner$4.run(ParentRunner.java:331)
	at org.junit.runners.ParentRunner$1.schedule(ParentRunner.java:79)
	at org.junit.runners.ParentRunner.runChildren(ParentRunner.java:329)
	at org.junit.runners.ParentRunner.access$100(ParentRunner.java:66)
	at org.junit.runners.ParentRunner$2.evaluate(ParentRunner.java:293)
	at org.springframework.test.context.junit4.statements.RunBeforeTestClassCallbacks.evaluate(RunBeforeTestClassCallbacks.java:61)
	at org.springframework.test.context.junit4.statements.RunAfterTestClassCallbacks.evaluate(RunAfterTestClassCallbacks.java:70)
	at org.junit.runners.ParentRunner$3.evaluate(ParentRunner.java:306)
	at org.junit.runners.ParentRunner.run(ParentRunner.java:413)
	at org.springframework.test.context.junit4.SpringJUnit4ClassRunner.run(SpringJUnit4ClassRunner.java:190)
	at org.junit.runner.JUnitCore.run(JUnitCore.java:137)
	at com.intellij.junit4.JUnit4IdeaTestRunner.startRunnerWithArgs(JUnit4IdeaTestRunner.java:69)
	at com.intellij.rt.junit.IdeaTestRunner$Repeater$1.execute(IdeaTestRunner.java:38)
	at com.intellij.rt.execution.junit.TestsRepeater.repeat(TestsRepeater.java:11)
	at com.intellij.rt.junit.IdeaTestRunner$Repeater.startRunnerWithArgs(IdeaTestRunner.java:35)
	at com.intellij.rt.junit.JUnitStarter.prepareStreamsAndStart(JUnitStarter.java:232)
	at com.intellij.rt.junit.JUnitStarter.main(JUnitStarter.java:55)
Caused by: org.springframework.beans.factory.BeanCreationException: Error creating bean with name 'strategyRepository': Injection of resource dependencies failed; nested exception is org.springframework.beans.factory.BeanCreationException: Error creating bean with name 'redissonService': Injection of resource dependencies failed; nested exception is org.springframework.beans.factory.BeanCreationException: Error creating bean with name 'redissonClient' defined in class path resource [cn/pan/config/RedisClientConfig.class]: Bean instantiation via factory method failed; nested exception is org.springframework.beans.BeanInstantiationException: Failed to instantiate [org.redisson.api.RedissonClient]: Factory method 'redissonClient' threw exception; nested exception is org.redisson.client.RedisConnectionException: Unable to connect to Redis server: 127.0.0.1/127.0.0.1:16379
	at org.springframework.context.annotation.CommonAnnotationBeanPostProcessor.postProcessProperties(CommonAnnotationBeanPostProcessor.java:332)
	at org.springframework.beans.factory.support.AbstractAutowireCapableBeanFactory.populateBean(AbstractAutowireCapableBeanFactory.java:1431)
	at org.springframework.beans.factory.support.AbstractAutowireCapableBeanFactory.doCreateBean(AbstractAutowireCapableBeanFactory.java:619)
	at org.springframework.beans.factory.support.AbstractAutowireCapableBeanFactory.createBean(AbstractAutowireCapableBeanFactory.java:542)
	at org.springframework.beans.factory.support.AbstractBeanFactory.lambda$doGetBean$0(AbstractBeanFactory.java:335)
	at org.springframework.beans.factory.support.DefaultSingletonBeanRegistry.getSingleton(DefaultSingletonBeanRegistry.java:234)
	at org.springframework.beans.factory.support.AbstractBeanFactory.doGetBean(AbstractBeanFactory.java:333)
	at org.springframework.beans.factory.support.AbstractBeanFactory.getBean(AbstractBeanFactory.java:208)
	at org.springframework.beans.factory.config.DependencyDescriptor.resolveCandidate(DependencyDescriptor.java:276)
	at org.springframework.beans.factory.support.DefaultListableBeanFactory.doResolveDependency(DefaultListableBeanFactory.java:1391)
	at org.springframework.beans.factory.support.DefaultListableBeanFactory.resolveDependency(DefaultListableBeanFactory.java:1311)
	at org.springframework.context.annotation.CommonAnnotationBeanPostProcessor.autowireResource(CommonAnnotationBeanPostProcessor.java:544)
	at org.springframework.context.annotation.CommonAnnotationBeanPostProcessor.getResource(CommonAnnotationBeanPostProcessor.java:520)
	at org.springframework.context.annotation.CommonAnnotationBeanPostProcessor$ResourceElement.getResourceToInject(CommonAnnotationBeanPostProcessor.java:673)
	at org.springframework.beans.factory.annotation.InjectionMetadata$InjectedElement.inject(InjectionMetadata.java:228)
	at org.springframework.beans.factory.annotation.InjectionMetadata.inject(InjectionMetadata.java:119)
	at org.springframework.context.annotation.CommonAnnotationBeanPostProcessor.postProcessProperties(CommonAnnotationBeanPostProcessor.java:329)
	... 43 common frames omitted
Caused by: org.springframework.beans.factory.BeanCreationException: Error creating bean with name 'redissonService': Injection of resource dependencies failed; nested exception is org.springframework.beans.factory.BeanCreationException: Error creating bean with name 'redissonClient' defined in class path resource [cn/pan/config/RedisClientConfig.class]: Bean instantiation via factory method failed; nested exception is org.springframework.beans.BeanInstantiationException: Failed to instantiate [org.redisson.api.RedissonClient]: Factory method 'redissonClient' threw exception; nested exception is org.redisson.client.RedisConnectionException: Unable to connect to Redis server: 127.0.0.1/127.0.0.1:16379
	at org.springframework.context.annotation.CommonAnnotationBeanPostProcessor.postProcessProperties(CommonAnnotationBeanPostProcessor.java:332)
	at org.springframework.beans.factory.support.AbstractAutowireCapableBeanFactory.populateBean(AbstractAutowireCapableBeanFactory.java:1431)
	at org.springframework.beans.factory.support.AbstractAutowireCapableBeanFactory.doCreateBean(AbstractAutowireCapableBeanFactory.java:619)
	at org.springframework.beans.factory.support.AbstractAutowireCapableBeanFactory.createBean(AbstractAutowireCapableBeanFactory.java:542)
	at org.springframework.beans.factory.support.AbstractBeanFactory.lambda$doGetBean$0(AbstractBeanFactory.java:335)
	at org.springframework.beans.factory.support.DefaultSingletonBeanRegistry.getSingleton(DefaultSingletonBeanRegistry.java:234)
	at org.springframework.beans.factory.support.AbstractBeanFactory.doGetBean(AbstractBeanFactory.java:333)
	at org.springframework.beans.factory.support.AbstractBeanFactory.getBean(AbstractBeanFactory.java:208)
	at org.springframework.beans.factory.config.DependencyDescriptor.resolveCandidate(DependencyDescriptor.java:276)
	at org.springframework.beans.factory.support.DefaultListableBeanFactory.doResolveDependency(DefaultListableBeanFactory.java:1391)
	at org.springframework.beans.factory.support.DefaultListableBeanFactory.resolveDependency(DefaultListableBeanFactory.java:1311)
	at org.springframework.context.annotation.CommonAnnotationBeanPostProcessor.autowireResource(CommonAnnotationBeanPostProcessor.java:544)
	at org.springframework.context.annotation.CommonAnnotationBeanPostProcessor.getResource(CommonAnnotationBeanPostProcessor.java:520)
	at org.springframework.context.annotation.CommonAnnotationBeanPostProcessor$ResourceElement.getResourceToInject(CommonAnnotationBeanPostProcessor.java:673)
	at org.springframework.beans.factory.annotation.InjectionMetadata$InjectedElement.inject(InjectionMetadata.java:228)
	at org.springframework.beans.factory.annotation.InjectionMetadata.inject(InjectionMetadata.java:119)
	at org.springframework.context.annotation.CommonAnnotationBeanPostProcessor.postProcessProperties(CommonAnnotationBeanPostProcessor.java:329)
	... 59 common frames omitted
Caused by: org.springframework.beans.factory.BeanCreationException: Error creating bean with name 'redissonClient' defined in class path resource [cn/pan/config/RedisClientConfig.class]: Bean instantiation via factory method failed; nested exception is org.springframework.beans.BeanInstantiationException: Failed to instantiate [org.redisson.api.RedissonClient]: Factory method 'redissonClient' threw exception; nested exception is org.redisson.client.RedisConnectionException: Unable to connect to Redis server: 127.0.0.1/127.0.0.1:16379
	at org.springframework.beans.factory.support.ConstructorResolver.instantiate(ConstructorResolver.java:658)
	at org.springframework.beans.factory.support.ConstructorResolver.instantiateUsingFactoryMethod(ConstructorResolver.java:638)
	at org.springframework.beans.factory.support.AbstractAutowireCapableBeanFactory.instantiateUsingFactoryMethod(AbstractAutowireCapableBeanFactory.java:1352)
	at org.springframework.beans.factory.support.AbstractAutowireCapableBeanFactory.createBeanInstance(AbstractAutowireCapableBeanFactory.java:1195)
	at org.springframework.beans.factory.support.AbstractAutowireCapableBeanFactory.doCreateBean(AbstractAutowireCapableBeanFactory.java:582)
	at org.springframework.beans.factory.support.AbstractAutowireCapableBeanFactory.createBean(AbstractAutowireCapableBeanFactory.java:542)
	at org.springframework.beans.factory.support.AbstractBeanFactory.lambda$doGetBean$0(AbstractBeanFactory.java:335)
	at org.springframework.beans.factory.support.DefaultSingletonBeanRegistry.getSingleton(DefaultSingletonBeanRegistry.java:234)
	at org.springframework.beans.factory.support.AbstractBeanFactory.doGetBean(AbstractBeanFactory.java:333)
	at org.springframework.beans.factory.support.AbstractBeanFactory.getBean(AbstractBeanFactory.java:213)
	at org.springframework.beans.factory.support.AbstractAutowireCapableBeanFactory.resolveBeanByName(AbstractAutowireCapableBeanFactory.java:479)
	at org.springframework.context.annotation.CommonAnnotationBeanPostProcessor.autowireResource(CommonAnnotationBeanPostProcessor.java:550)
	at org.springframework.context.annotation.CommonAnnotationBeanPostProcessor.getResource(CommonAnnotationBeanPostProcessor.java:520)
	at org.springframework.context.annotation.CommonAnnotationBeanPostProcessor$ResourceElement.getResourceToInject(CommonAnnotationBeanPostProcessor.java:673)
	at org.springframework.beans.factory.annotation.InjectionMetadata$InjectedElement.inject(InjectionMetadata.java:228)
	at org.springframework.beans.factory.annotation.InjectionMetadata.inject(InjectionMetadata.java:119)
	at org.springframework.context.annotation.CommonAnnotationBeanPostProcessor.postProcessProperties(CommonAnnotationBeanPostProcessor.java:329)
	... 75 common frames omitted
Caused by: org.springframework.beans.BeanInstantiationException: Failed to instantiate [org.redisson.api.RedissonClient]: Factory method 'redissonClient' threw exception; nested exception is org.redisson.client.RedisConnectionException: Unable to connect to Redis server: 127.0.0.1/127.0.0.1:16379
	at org.springframework.beans.factory.support.SimpleInstantiationStrategy.instantiate(SimpleInstantiationStrategy.java:185)
	at org.springframework.beans.factory.support.ConstructorResolver.instantiate(ConstructorResolver.java:653)
	... 91 common frames omitted
Caused by: org.redisson.client.RedisConnectionException: Unable to connect to Redis server: 127.0.0.1/127.0.0.1:16379
	at org.redisson.connection.pool.ConnectionPool.lambda$createConnection$0(ConnectionPool.java:132)
	at java.util.concurrent.CompletableFuture.uniWhenComplete(CompletableFuture.java:774)
	at java.util.concurrent.CompletableFuture$UniWhenComplete.tryFire(CompletableFuture.java:750)
	at java.util.concurrent.CompletableFuture.postComplete(CompletableFuture.java:488)
	at java.util.concurrent.CompletableFuture.completeExceptionally(CompletableFuture.java:1990)
	at org.redisson.connection.pool.ConnectionPool.promiseFailure(ConnectionPool.java:294)
	at org.redisson.connection.pool.ConnectionPool.lambda$createConnection$6(ConnectionPool.java:253)
	at java.util.concurrent.CompletableFuture.uniWhenComplete(CompletableFuture.java:774)
	at java.util.concurrent.CompletableFuture$UniWhenComplete.tryFire(CompletableFuture.java:750)
	at java.util.concurrent.CompletableFuture.postComplete(CompletableFuture.java:488)
	at java.util.concurrent.CompletableFuture.completeExceptionally(CompletableFuture.java:1990)
	at org.redisson.client.RedisClient$1$2.run(RedisClient.java:257)
	at io.netty.util.concurrent.AbstractEventExecutor.runTask(AbstractEventExecutor.java:174)
	at io.netty.util.concurrent.AbstractEventExecutor.safeExecute(AbstractEventExecutor.java:167)
	at io.netty.util.concurrent.SingleThreadEventExecutor.runAllTasks(SingleThreadEventExecutor.java:470)
	at io.netty.channel.nio.NioEventLoop.run(NioEventLoop.java:569)
	at io.netty.util.concurrent.SingleThreadEventExecutor$4.run(SingleThreadEventExecutor.java:997)
	at io.netty.util.internal.ThreadExecutorMap$2.run(ThreadExecutorMap.java:74)
	at io.netty.util.concurrent.FastThreadLocalRunnable.run(FastThreadLocalRunnable.java:30)
	at java.lang.Thread.run(Thread.java:750)
Caused by: java.util.concurrent.CompletionException: io.netty.channel.AbstractChannel$AnnotatedConnectException: Connection refused: no further information: 127.0.0.1/127.0.0.1:16379
	at java.util.concurrent.CompletableFuture.encodeRelay(CompletableFuture.java:326)
	at java.util.concurrent.CompletableFuture.completeRelay(CompletableFuture.java:338)
	at java.util.concurrent.CompletableFuture.uniRelay(CompletableFuture.java:925)
	at java.util.concurrent.CompletableFuture$UniRelay.tryFire(CompletableFuture.java:913)
	... 11 common frames omitted
Caused by: io.netty.channel.AbstractChannel$AnnotatedConnectException: Connection refused: no further information: 127.0.0.1/127.0.0.1:16379
Caused by: java.net.ConnectException: Connection refused: no further information
	at sun.nio.ch.SocketChannelImpl.checkConnect(Native Method)
	at sun.nio.ch.SocketChannelImpl.finishConnect(SocketChannelImpl.java:716)
	at io.netty.channel.socket.nio.NioSocketChannel.doFinishConnect(NioSocketChannel.java:337)
	at io.netty.channel.nio.AbstractNioChannel$AbstractNioUnsafe.finishConnect(AbstractNioChannel.java:334)
	at io.netty.channel.nio.NioEventLoop.processSelectedKey(NioEventLoop.java:776)
	at io.netty.channel.nio.NioEventLoop.processSelectedKeysOptimized(NioEventLoop.java:724)
	at io.netty.channel.nio.NioEventLoop.processSelectedKeys(NioEventLoop.java:650)
	at io.netty.channel.nio.NioEventLoop.run(NioEventLoop.java:562)
	at io.netty.util.concurrent.SingleThreadEventExecutor$4.run(SingleThreadEventExecutor.java:997)
	at io.netty.util.internal.ThreadExecutorMap$2.run(ThreadExecutorMap.java:74)
	at io.netty.util.concurrent.FastThreadLocalRunnable.run(FastThreadLocalRunnable.java:30)
	at java.lang.Thread.run(Thread.java:750)
24-06-26.22:53:33.925 [main            ] ERROR TestContextManager     - Caught exception while allowing TestExecutionListener [org.springframework.test.context.web.ServletTestExecutionListener@587e5365] to prepare test instance [cn.pan.test.ApiTest@489bc8fd]
java.lang.IllegalStateException: Failed to load ApplicationContext
	at org.springframework.test.context.cache.DefaultCacheAwareContextLoaderDelegate.loadContext(DefaultCacheAwareContextLoaderDelegate.java:98)
	at org.springframework.test.context.support.DefaultTestContext.getApplicationContext(DefaultTestContext.java:124)
	at org.springframework.test.context.web.ServletTestExecutionListener.setUpRequestContextIfNecessary(ServletTestExecutionListener.java:190)
	at org.springframework.test.context.web.ServletTestExecutionListener.prepareTestInstance(ServletTestExecutionListener.java:132)
	at org.springframework.test.context.TestContextManager.prepareTestInstance(TestContextManager.java:248)
	at org.springframework.test.context.junit4.SpringJUnit4ClassRunner.createTest(SpringJUnit4ClassRunner.java:227)
	at org.springframework.test.context.junit4.SpringJUnit4ClassRunner$1.runReflectiveCall(SpringJUnit4ClassRunner.java:289)
	at org.junit.internal.runners.model.ReflectiveCallable.run(ReflectiveCallable.java:12)
	at org.springframework.test.context.junit4.SpringJUnit4ClassRunner.methodBlock(SpringJUnit4ClassRunner.java:291)
	at org.springframework.test.context.junit4.SpringJUnit4ClassRunner.runChild(SpringJUnit4ClassRunner.java:246)
	at org.springframework.test.context.junit4.SpringJUnit4ClassRunner.runChild(SpringJUnit4ClassRunner.java:97)
	at org.junit.runners.ParentRunner$4.run(ParentRunner.java:331)
	at org.junit.runners.ParentRunner$1.schedule(ParentRunner.java:79)
	at org.junit.runners.ParentRunner.runChildren(ParentRunner.java:329)
	at org.junit.runners.ParentRunner.access$100(ParentRunner.java:66)
	at org.junit.runners.ParentRunner$2.evaluate(ParentRunner.java:293)
	at org.springframework.test.context.junit4.statements.RunBeforeTestClassCallbacks.evaluate(RunBeforeTestClassCallbacks.java:61)
	at org.springframework.test.context.junit4.statements.RunAfterTestClassCallbacks.evaluate(RunAfterTestClassCallbacks.java:70)
	at org.junit.runners.ParentRunner$3.evaluate(ParentRunner.java:306)
	at org.junit.runners.ParentRunner.run(ParentRunner.java:413)
	at org.springframework.test.context.junit4.SpringJUnit4ClassRunner.run(SpringJUnit4ClassRunner.java:190)
	at org.junit.runner.JUnitCore.run(JUnitCore.java:137)
	at com.intellij.junit4.JUnit4IdeaTestRunner.startRunnerWithArgs(JUnit4IdeaTestRunner.java:69)
	at com.intellij.rt.junit.IdeaTestRunner$Repeater$1.execute(IdeaTestRunner.java:38)
	at com.intellij.rt.execution.junit.TestsRepeater.repeat(TestsRepeater.java:11)
	at com.intellij.rt.junit.IdeaTestRunner$Repeater.startRunnerWithArgs(IdeaTestRunner.java:35)
	at com.intellij.rt.junit.JUnitStarter.prepareStreamsAndStart(JUnitStarter.java:232)
	at com.intellij.rt.junit.JUnitStarter.main(JUnitStarter.java:55)
Caused by: org.springframework.beans.factory.BeanCreationException: Error creating bean with name 'strategyArmoryDispatch': Injection of resource dependencies failed; nested exception is org.springframework.beans.factory.BeanCreationException: Error creating bean with name 'strategyRepository': Injection of resource dependencies failed; nested exception is org.springframework.beans.factory.BeanCreationException: Error creating bean with name 'redissonService': Injection of resource dependencies failed; nested exception is org.springframework.beans.factory.BeanCreationException: Error creating bean with name 'redissonClient' defined in class path resource [cn/pan/config/RedisClientConfig.class]: Bean instantiation via factory method failed; nested exception is org.springframework.beans.BeanInstantiationException: Failed to instantiate [org.redisson.api.RedissonClient]: Factory method 'redissonClient' threw exception; nested exception is org.redisson.client.RedisConnectionException: Unable to connect to Redis server: 127.0.0.1/127.0.0.1:16379
	at org.springframework.context.annotation.CommonAnnotationBeanPostProcessor.postProcessProperties(CommonAnnotationBeanPostProcessor.java:332)
	at org.springframework.beans.factory.support.AbstractAutowireCapableBeanFactory.populateBean(AbstractAutowireCapableBeanFactory.java:1431)
	at org.springframework.beans.factory.support.AbstractAutowireCapableBeanFactory.doCreateBean(AbstractAutowireCapableBeanFactory.java:619)
	at org.springframework.beans.factory.support.AbstractAutowireCapableBeanFactory.createBean(AbstractAutowireCapableBeanFactory.java:542)
	at org.springframework.beans.factory.support.AbstractBeanFactory.lambda$doGetBean$0(AbstractBeanFactory.java:335)
	at org.springframework.beans.factory.support.DefaultSingletonBeanRegistry.getSingleton(DefaultSingletonBeanRegistry.java:234)
	at org.springframework.beans.factory.support.AbstractBeanFactory.doGetBean(AbstractBeanFactory.java:333)
	at org.springframework.beans.factory.support.AbstractBeanFactory.getBean(AbstractBeanFactory.java:208)
	at org.springframework.beans.factory.support.DefaultListableBeanFactory.preInstantiateSingletons(DefaultListableBeanFactory.java:955)
	at org.springframework.context.support.AbstractApplicationContext.finishBeanFactoryInitialization(AbstractApplicationContext.java:920)
	at org.springframework.context.support.AbstractApplicationContext.refresh(AbstractApplicationContext.java:583)
	at org.springframework.boot.SpringApplication.refresh(SpringApplication.java:731)
	at org.springframework.boot.SpringApplication.refreshContext(SpringApplication.java:408)
	at org.springframework.boot.SpringApplication.run(SpringApplication.java:307)
	at org.springframework.boot.test.context.SpringBootContextLoader.loadContext(SpringBootContextLoader.java:136)
	at org.springframework.test.context.cache.DefaultCacheAwareContextLoaderDelegate.loadContextInternal(DefaultCacheAwareContextLoaderDelegate.java:141)
	at org.springframework.test.context.cache.DefaultCacheAwareContextLoaderDelegate.loadContext(DefaultCacheAwareContextLoaderDelegate.java:90)
	... 27 common frames omitted
Caused by: org.springframework.beans.factory.BeanCreationException: Error creating bean with name 'strategyRepository': Injection of resource dependencies failed; nested exception is org.springframework.beans.factory.BeanCreationException: Error creating bean with name 'redissonService': Injection of resource dependencies failed; nested exception is org.springframework.beans.factory.BeanCreationException: Error creating bean with name 'redissonClient' defined in class path resource [cn/pan/config/RedisClientConfig.class]: Bean instantiation via factory method failed; nested exception is org.springframework.beans.BeanInstantiationException: Failed to instantiate [org.redisson.api.RedissonClient]: Factory method 'redissonClient' threw exception; nested exception is org.redisson.client.RedisConnectionException: Unable to connect to Redis server: 127.0.0.1/127.0.0.1:16379
	at org.springframework.context.annotation.CommonAnnotationBeanPostProcessor.postProcessProperties(CommonAnnotationBeanPostProcessor.java:332)
	at org.springframework.beans.factory.support.AbstractAutowireCapableBeanFactory.populateBean(AbstractAutowireCapableBeanFactory.java:1431)
	at org.springframework.beans.factory.support.AbstractAutowireCapableBeanFactory.doCreateBean(AbstractAutowireCapableBeanFactory.java:619)
	at org.springframework.beans.factory.support.AbstractAutowireCapableBeanFactory.createBean(AbstractAutowireCapableBeanFactory.java:542)
	at org.springframework.beans.factory.support.AbstractBeanFactory.lambda$doGetBean$0(AbstractBeanFactory.java:335)
	at org.springframework.beans.factory.support.DefaultSingletonBeanRegistry.getSingleton(DefaultSingletonBeanRegistry.java:234)
	at org.springframework.beans.factory.support.AbstractBeanFactory.doGetBean(AbstractBeanFactory.java:333)
	at org.springframework.beans.factory.support.AbstractBeanFactory.getBean(AbstractBeanFactory.java:208)
	at org.springframework.beans.factory.config.DependencyDescriptor.resolveCandidate(DependencyDescriptor.java:276)
	at org.springframework.beans.factory.support.DefaultListableBeanFactory.doResolveDependency(DefaultListableBeanFactory.java:1391)
	at org.springframework.beans.factory.support.DefaultListableBeanFactory.resolveDependency(DefaultListableBeanFactory.java:1311)
	at org.springframework.context.annotation.CommonAnnotationBeanPostProcessor.autowireResource(CommonAnnotationBeanPostProcessor.java:544)
	at org.springframework.context.annotation.CommonAnnotationBeanPostProcessor.getResource(CommonAnnotationBeanPostProcessor.java:520)
	at org.springframework.context.annotation.CommonAnnotationBeanPostProcessor$ResourceElement.getResourceToInject(CommonAnnotationBeanPostProcessor.java:673)
	at org.springframework.beans.factory.annotation.InjectionMetadata$InjectedElement.inject(InjectionMetadata.java:228)
	at org.springframework.beans.factory.annotation.InjectionMetadata.inject(InjectionMetadata.java:119)
	at org.springframework.context.annotation.CommonAnnotationBeanPostProcessor.postProcessProperties(CommonAnnotationBeanPostProcessor.java:329)
	... 43 common frames omitted
Caused by: org.springframework.beans.factory.BeanCreationException: Error creating bean with name 'redissonService': Injection of resource dependencies failed; nested exception is org.springframework.beans.factory.BeanCreationException: Error creating bean with name 'redissonClient' defined in class path resource [cn/pan/config/RedisClientConfig.class]: Bean instantiation via factory method failed; nested exception is org.springframework.beans.BeanInstantiationException: Failed to instantiate [org.redisson.api.RedissonClient]: Factory method 'redissonClient' threw exception; nested exception is org.redisson.client.RedisConnectionException: Unable to connect to Redis server: 127.0.0.1/127.0.0.1:16379
	at org.springframework.context.annotation.CommonAnnotationBeanPostProcessor.postProcessProperties(CommonAnnotationBeanPostProcessor.java:332)
	at org.springframework.beans.factory.support.AbstractAutowireCapableBeanFactory.populateBean(AbstractAutowireCapableBeanFactory.java:1431)
	at org.springframework.beans.factory.support.AbstractAutowireCapableBeanFactory.doCreateBean(AbstractAutowireCapableBeanFactory.java:619)
	at org.springframework.beans.factory.support.AbstractAutowireCapableBeanFactory.createBean(AbstractAutowireCapableBeanFactory.java:542)
	at org.springframework.beans.factory.support.AbstractBeanFactory.lambda$doGetBean$0(AbstractBeanFactory.java:335)
	at org.springframework.beans.factory.support.DefaultSingletonBeanRegistry.getSingleton(DefaultSingletonBeanRegistry.java:234)
	at org.springframework.beans.factory.support.AbstractBeanFactory.doGetBean(AbstractBeanFactory.java:333)
	at org.springframework.beans.factory.support.AbstractBeanFactory.getBean(AbstractBeanFactory.java:208)
	at org.springframework.beans.factory.config.DependencyDescriptor.resolveCandidate(DependencyDescriptor.java:276)
	at org.springframework.beans.factory.support.DefaultListableBeanFactory.doResolveDependency(DefaultListableBeanFactory.java:1391)
	at org.springframework.beans.factory.support.DefaultListableBeanFactory.resolveDependency(DefaultListableBeanFactory.java:1311)
	at org.springframework.context.annotation.CommonAnnotationBeanPostProcessor.autowireResource(CommonAnnotationBeanPostProcessor.java:544)
	at org.springframework.context.annotation.CommonAnnotationBeanPostProcessor.getResource(CommonAnnotationBeanPostProcessor.java:520)
	at org.springframework.context.annotation.CommonAnnotationBeanPostProcessor$ResourceElement.getResourceToInject(CommonAnnotationBeanPostProcessor.java:673)
	at org.springframework.beans.factory.annotation.InjectionMetadata$InjectedElement.inject(InjectionMetadata.java:228)
	at org.springframework.beans.factory.annotation.InjectionMetadata.inject(InjectionMetadata.java:119)
	at org.springframework.context.annotation.CommonAnnotationBeanPostProcessor.postProcessProperties(CommonAnnotationBeanPostProcessor.java:329)
	... 59 common frames omitted
Caused by: org.springframework.beans.factory.BeanCreationException: Error creating bean with name 'redissonClient' defined in class path resource [cn/pan/config/RedisClientConfig.class]: Bean instantiation via factory method failed; nested exception is org.springframework.beans.BeanInstantiationException: Failed to instantiate [org.redisson.api.RedissonClient]: Factory method 'redissonClient' threw exception; nested exception is org.redisson.client.RedisConnectionException: Unable to connect to Redis server: 127.0.0.1/127.0.0.1:16379
	at org.springframework.beans.factory.support.ConstructorResolver.instantiate(ConstructorResolver.java:658)
	at org.springframework.beans.factory.support.ConstructorResolver.instantiateUsingFactoryMethod(ConstructorResolver.java:638)
	at org.springframework.beans.factory.support.AbstractAutowireCapableBeanFactory.instantiateUsingFactoryMethod(AbstractAutowireCapableBeanFactory.java:1352)
	at org.springframework.beans.factory.support.AbstractAutowireCapableBeanFactory.createBeanInstance(AbstractAutowireCapableBeanFactory.java:1195)
	at org.springframework.beans.factory.support.AbstractAutowireCapableBeanFactory.doCreateBean(AbstractAutowireCapableBeanFactory.java:582)
	at org.springframework.beans.factory.support.AbstractAutowireCapableBeanFactory.createBean(AbstractAutowireCapableBeanFactory.java:542)
	at org.springframework.beans.factory.support.AbstractBeanFactory.lambda$doGetBean$0(AbstractBeanFactory.java:335)
	at org.springframework.beans.factory.support.DefaultSingletonBeanRegistry.getSingleton(DefaultSingletonBeanRegistry.java:234)
	at org.springframework.beans.factory.support.AbstractBeanFactory.doGetBean(AbstractBeanFactory.java:333)
	at org.springframework.beans.factory.support.AbstractBeanFactory.getBean(AbstractBeanFactory.java:213)
	at org.springframework.beans.factory.support.AbstractAutowireCapableBeanFactory.resolveBeanByName(AbstractAutowireCapableBeanFactory.java:479)
	at org.springframework.context.annotation.CommonAnnotationBeanPostProcessor.autowireResource(CommonAnnotationBeanPostProcessor.java:550)
	at org.springframework.context.annotation.CommonAnnotationBeanPostProcessor.getResource(CommonAnnotationBeanPostProcessor.java:520)
	at org.springframework.context.annotation.CommonAnnotationBeanPostProcessor$ResourceElement.getResourceToInject(CommonAnnotationBeanPostProcessor.java:673)
	at org.springframework.beans.factory.annotation.InjectionMetadata$InjectedElement.inject(InjectionMetadata.java:228)
	at org.springframework.beans.factory.annotation.InjectionMetadata.inject(InjectionMetadata.java:119)
	at org.springframework.context.annotation.CommonAnnotationBeanPostProcessor.postProcessProperties(CommonAnnotationBeanPostProcessor.java:329)
	... 75 common frames omitted
Caused by: org.springframework.beans.BeanInstantiationException: Failed to instantiate [org.redisson.api.RedissonClient]: Factory method 'redissonClient' threw exception; nested exception is org.redisson.client.RedisConnectionException: Unable to connect to Redis server: 127.0.0.1/127.0.0.1:16379
	at org.springframework.beans.factory.support.SimpleInstantiationStrategy.instantiate(SimpleInstantiationStrategy.java:185)
	at org.springframework.beans.factory.support.ConstructorResolver.instantiate(ConstructorResolver.java:653)
	... 91 common frames omitted
Caused by: org.redisson.client.RedisConnectionException: Unable to connect to Redis server: 127.0.0.1/127.0.0.1:16379
	at org.redisson.connection.pool.ConnectionPool.lambda$createConnection$0(ConnectionPool.java:132)
	at java.util.concurrent.CompletableFuture.uniWhenComplete(CompletableFuture.java:774)
	at java.util.concurrent.CompletableFuture$UniWhenComplete.tryFire(CompletableFuture.java:750)
	at java.util.concurrent.CompletableFuture.postComplete(CompletableFuture.java:488)
	at java.util.concurrent.CompletableFuture.completeExceptionally(CompletableFuture.java:1990)
	at org.redisson.connection.pool.ConnectionPool.promiseFailure(ConnectionPool.java:294)
	at org.redisson.connection.pool.ConnectionPool.lambda$createConnection$6(ConnectionPool.java:253)
	at java.util.concurrent.CompletableFuture.uniWhenComplete(CompletableFuture.java:774)
	at java.util.concurrent.CompletableFuture$UniWhenComplete.tryFire(CompletableFuture.java:750)
	at java.util.concurrent.CompletableFuture.postComplete(CompletableFuture.java:488)
	at java.util.concurrent.CompletableFuture.completeExceptionally(CompletableFuture.java:1990)
	at org.redisson.client.RedisClient$1$2.run(RedisClient.java:257)
	at io.netty.util.concurrent.AbstractEventExecutor.runTask(AbstractEventExecutor.java:174)
	at io.netty.util.concurrent.AbstractEventExecutor.safeExecute(AbstractEventExecutor.java:167)
	at io.netty.util.concurrent.SingleThreadEventExecutor.runAllTasks(SingleThreadEventExecutor.java:470)
	at io.netty.channel.nio.NioEventLoop.run(NioEventLoop.java:569)
	at io.netty.util.concurrent.SingleThreadEventExecutor$4.run(SingleThreadEventExecutor.java:997)
	at io.netty.util.internal.ThreadExecutorMap$2.run(ThreadExecutorMap.java:74)
	at io.netty.util.concurrent.FastThreadLocalRunnable.run(FastThreadLocalRunnable.java:30)
	at java.lang.Thread.run(Thread.java:750)
Caused by: java.util.concurrent.CompletionException: io.netty.channel.AbstractChannel$AnnotatedConnectException: Connection refused: no further information: 127.0.0.1/127.0.0.1:16379
	at java.util.concurrent.CompletableFuture.encodeRelay(CompletableFuture.java:326)
	at java.util.concurrent.CompletableFuture.completeRelay(CompletableFuture.java:338)
	at java.util.concurrent.CompletableFuture.uniRelay(CompletableFuture.java:925)
	at java.util.concurrent.CompletableFuture$UniRelay.tryFire(CompletableFuture.java:913)
	... 11 common frames omitted
Caused by: io.netty.channel.AbstractChannel$AnnotatedConnectException: Connection refused: no further information: 127.0.0.1/127.0.0.1:16379
Caused by: java.net.ConnectException: Connection refused: no further information
	at sun.nio.ch.SocketChannelImpl.checkConnect(Native Method)
	at sun.nio.ch.SocketChannelImpl.finishConnect(SocketChannelImpl.java:716)
	at io.netty.channel.socket.nio.NioSocketChannel.doFinishConnect(NioSocketChannel.java:337)
	at io.netty.channel.nio.AbstractNioChannel$AbstractNioUnsafe.finishConnect(AbstractNioChannel.java:334)
	at io.netty.channel.nio.NioEventLoop.processSelectedKey(NioEventLoop.java:776)
	at io.netty.channel.nio.NioEventLoop.processSelectedKeysOptimized(NioEventLoop.java:724)
	at io.netty.channel.nio.NioEventLoop.processSelectedKeys(NioEventLoop.java:650)
	at io.netty.channel.nio.NioEventLoop.run(NioEventLoop.java:562)
	at io.netty.util.concurrent.SingleThreadEventExecutor$4.run(SingleThreadEventExecutor.java:997)
	at io.netty.util.internal.ThreadExecutorMap$2.run(ThreadExecutorMap.java:74)
	at io.netty.util.concurrent.FastThreadLocalRunnable.run(FastThreadLocalRunnable.java:30)
	at java.lang.Thread.run(Thread.java:750)
24-06-26.22:53:47.800 [main            ] INFO  ApiTest                - Starting ApiTest using Java 1.8.0_412 on Eternally6 with PID 9444 (started by panji in D:\Code\java_workspace\magic-lottery\magic-lottery-app)
24-06-26.22:53:47.816 [main            ] INFO  ApiTest                - The following 1 profile is active: "dev"
24-06-26.22:53:48.504 [main            ] INFO  RepositoryConfigurationDelegate - Multiple Spring Data modules found, entering strict repository configuration mode
24-06-26.22:53:48.504 [main            ] INFO  RepositoryConfigurationDelegate - Bootstrapping Spring Data Redis repositories in DEFAULT mode.
24-06-26.22:53:48.535 [main            ] INFO  RepositoryConfigurationDelegate - Finished Spring Data repository scanning in 17 ms. Found 0 Redis repository interfaces.
24-06-26.22:53:49.999 [main            ] INFO  Version                - Redisson 3.23.4
24-06-26.22:53:50.611 [redisson-netty-2-4] INFO  MasterPubSubConnectionPool - 1 connections initialized for 127.0.0.1/127.0.0.1:16379
24-06-26.22:53:50.626 [redisson-netty-2-13] INFO  MasterConnectionPool   - 5 connections initialized for 127.0.0.1/127.0.0.1:16379
24-06-26.22:53:52.312 [main            ] INFO  EndpointLinksResolver  - Exposing 1 endpoint(s) beneath base path '/actuator'
24-06-26.22:53:52.375 [main            ] INFO  ApiTest                - Started ApiTest in 4.926 seconds (JVM running for 5.587)
24-06-26.22:53:52.860 [main            ] INFO  ApiTest                - 
24-06-26.22:54:07.365 [main            ] INFO  ApiTest                - Starting ApiTest using Java 1.8.0_412 on Eternally6 with PID 6496 (started by panji in D:\Code\java_workspace\magic-lottery\magic-lottery-app)
24-06-26.22:54:07.365 [main            ] INFO  ApiTest                - The following 1 profile is active: "dev"
24-06-26.22:54:08.006 [main            ] INFO  RepositoryConfigurationDelegate - Multiple Spring Data modules found, entering strict repository configuration mode
24-06-26.22:54:08.006 [main            ] INFO  RepositoryConfigurationDelegate - Bootstrapping Spring Data Redis repositories in DEFAULT mode.
24-06-26.22:54:08.038 [main            ] INFO  RepositoryConfigurationDelegate - Finished Spring Data repository scanning in 11 ms. Found 0 Redis repository interfaces.
24-06-26.22:54:09.273 [main            ] INFO  Version                - Redisson 3.23.4
24-06-26.22:54:09.858 [redisson-netty-2-5] INFO  MasterPubSubConnectionPool - 1 connections initialized for 127.0.0.1/127.0.0.1:16379
24-06-26.22:54:09.873 [redisson-netty-2-13] INFO  MasterConnectionPool   - 5 connections initialized for 127.0.0.1/127.0.0.1:16379
24-06-26.22:54:11.509 [main            ] INFO  EndpointLinksResolver  - Exposing 1 endpoint(s) beneath base path '/actuator'
24-06-26.22:54:11.587 [main            ] INFO  ApiTest                - Started ApiTest in 4.518 seconds (JVM running for 5.124)
24-06-26.22:54:11.939 [main            ] INFO  ApiTest                - 
